TN:
SF:api/src/config/database.js
FN:12,createDatabasePool
FN:29,(anonymous_1)
FN:33,(anonymous_2)
FN:37,(anonymous_3)
FN:47,testDatabaseConnection
FN:69,initializeDatabaseTables
FN:174,getDatabaseHealth
FNF:7
FNH:0
FNDA:0,createDatabasePool
FNDA:0,(anonymous_1)
FNDA:0,(anonymous_2)
FNDA:0,(anonymous_3)
FNDA:0,testDatabaseConnection
FNDA:0,initializeDatabaseTables
FNDA:0,getDatabaseHealth
DA:6,0
DA:7,0
DA:13,0
DA:26,0
DA:29,0
DA:30,0
DA:33,0
DA:34,0
DA:37,0
DA:38,0
DA:41,0
DA:48,0
DA:49,0
DA:50,0
DA:51,0
DA:52,0
DA:56,0
DA:58,0
DA:61,0
DA:62,0
DA:70,0
DA:71,0
DA:72,0
DA:75,0
DA:109,0
DA:129,0
DA:141,0
DA:154,0
DA:155,0
DA:158,0
DA:159,0
DA:160,0
DA:163,0
DA:164,0
DA:165,0
DA:167,0
DA:175,0
DA:176,0
DA:177,0
DA:178,0
DA:201,0
DA:212,0
DA:215,0
DA:222,0
LF:44
LH:0
BRF:0
BRH:0
end_of_record
TN:
SF:api/src/config/index.js
FN:14,validateConfig
FNF:1
FNH:0
FNDA:0,validateConfig
DA:6,0
DA:9,0
DA:15,0
DA:18,0
DA:19,0
DA:23,0
DA:24,0
DA:27,0
DA:28,0
DA:31,0
DA:32,0
DA:39,0
DA:177,0
DA:178,0
DA:179,0
DA:180,0
DA:182,0
DA:183,0
DA:187,0
LF:19
LH:0
BRDA:18,0,0,0
BRDA:18,0,1,0
BRDA:23,1,0,0
BRDA:23,1,1,0
BRDA:27,2,0,0
BRDA:27,2,1,0
BRDA:27,3,0,0
BRDA:27,3,1,0
BRDA:31,4,0,0
BRDA:31,4,1,0
BRDA:41,5,0,0
BRDA:41,5,1,0
BRDA:47,6,0,0
BRDA:47,6,1,0
BRDA:48,7,0,0
BRDA:48,7,1,0
BRDA:49,8,0,0
BRDA:49,8,1,0
BRDA:50,9,0,0
BRDA:50,9,1,0
BRDA:55,10,0,0
BRDA:55,10,1,0
BRDA:56,11,0,0
BRDA:56,11,1,0
BRDA:57,12,0,0
BRDA:57,12,1,0
BRDA:58,13,0,0
BRDA:58,13,1,0
BRDA:59,14,0,0
BRDA:59,14,1,0
BRDA:66,15,0,0
BRDA:66,15,1,0
BRDA:67,16,0,0
BRDA:67,16,1,0
BRDA:68,17,0,0
BRDA:68,17,1,0
BRDA:69,18,0,0
BRDA:69,18,1,0
BRDA:70,19,0,0
BRDA:70,19,1,0
BRDA:74,20,0,0
BRDA:74,20,1,0
BRDA:75,21,0,0
BRDA:75,21,1,0
BRDA:82,22,0,0
BRDA:82,22,1,0
BRDA:84,23,0,0
BRDA:84,23,1,0
BRDA:85,24,0,0
BRDA:85,24,1,0
BRDA:86,25,0,0
BRDA:86,25,1,0
BRDA:93,26,0,0
BRDA:93,26,1,0
BRDA:94,27,0,0
BRDA:94,27,1,0
BRDA:95,28,0,0
BRDA:95,28,1,0
BRDA:100,29,0,0
BRDA:100,29,1,0
BRDA:101,30,0,0
BRDA:101,30,1,0
BRDA:102,31,0,0
BRDA:102,31,1,0
BRDA:104,32,0,0
BRDA:104,32,1,0
BRDA:105,33,0,0
BRDA:105,33,1,0
BRDA:106,34,0,0
BRDA:106,34,1,0
BRDA:111,35,0,0
BRDA:111,35,1,0
BRDA:112,36,0,0
BRDA:112,36,1,0
BRDA:113,37,0,0
BRDA:113,37,1,0
BRDA:114,38,0,0
BRDA:114,38,1,0
BRDA:115,39,0,0
BRDA:115,39,1,0
BRDA:120,40,0,0
BRDA:120,40,1,0
BRDA:121,41,0,0
BRDA:121,41,1,0
BRDA:122,42,0,0
BRDA:122,42,1,0
BRDA:123,43,0,0
BRDA:123,43,1,0
BRDA:124,44,0,0
BRDA:124,44,1,0
BRDA:129,45,0,0
BRDA:129,45,1,0
BRDA:131,46,0,0
BRDA:131,46,1,0
BRDA:132,47,0,0
BRDA:132,47,1,0
BRDA:134,48,0,0
BRDA:134,48,1,0
BRDA:139,49,0,0
BRDA:139,49,1,0
BRDA:140,50,0,0
BRDA:140,50,1,0
BRDA:141,51,0,0
BRDA:141,51,1,0
BRDA:142,52,0,0
BRDA:142,52,1,0
BRDA:145,53,0,0
BRDA:145,53,1,0
BRDA:152,54,0,0
BRDA:152,54,1,0
BRDA:153,55,0,0
BRDA:153,55,1,0
BRDA:157,56,0,0
BRDA:157,56,1,0
BRDA:163,57,0,0
BRDA:163,57,1,0
BRDA:172,58,0,0
BRDA:172,58,1,0
BRDA:177,59,0,0
BRDA:177,59,1,0
BRF:120
BRH:0
end_of_record
TN:
SF:api/src/controllers/health.controller.js
FN:10,(anonymous_0)
FN:19,(anonymous_1)
FN:79,(anonymous_2)
FN:120,(anonymous_3)
FN:153,(anonymous_4)
FN:193,(anonymous_5)
FN:202,(anonymous_6)
FN:209,(anonymous_7)
FN:216,(anonymous_8)
FN:223,(anonymous_9)
FN:234,(anonymous_10)
FN:245,(anonymous_11)
FN:253,(anonymous_12)
FN:266,(anonymous_13)
FNF:14
FNH:0
FNDA:0,(anonymous_0)
FNDA:0,(anonymous_1)
FNDA:0,(anonymous_2)
FNDA:0,(anonymous_3)
FNDA:0,(anonymous_4)
FNDA:0,(anonymous_5)
FNDA:0,(anonymous_6)
FNDA:0,(anonymous_7)
FNDA:0,(anonymous_8)
FNDA:0,(anonymous_9)
FNDA:0,(anonymous_10)
FNDA:0,(anonymous_11)
FNDA:0,(anonymous_12)
FNDA:0,(anonymous_13)
DA:6,0
DA:7,0
DA:11,0
DA:12,0
DA:20,0
DA:22,0
DA:23,0
DA:26,0
DA:29,0
DA:30,0
DA:31,0
DA:33,0
DA:61,0
DA:66,0
DA:80,0
DA:82,0
DA:83,0
DA:84,0
DA:87,0
DA:95,0
DA:96,0
DA:99,0
DA:119,0
DA:120,0
DA:122,0
DA:123,0
DA:125,0
DA:126,0
DA:127,0
DA:128,0
DA:131,0
DA:132,0
DA:135,0
DA:140,0
DA:154,0
DA:156,0
DA:157,0
DA:174,0
DA:177,0
DA:182,0
DA:194,0
DA:195,0
DA:196,0
DA:203,0
DA:204,0
DA:206,0
DA:210,0
DA:211,0
DA:213,0
DA:217,0
DA:218,0
DA:220,0
DA:224,0
DA:225,0
DA:226,0
DA:231,0
DA:235,0
DA:236,0
DA:238,0
DA:246,0
DA:254,0
DA:255,0
DA:256,0
DA:258,0
DA:267,0
DA:269,0
DA:270,0
DA:273,0
DA:283,0
DA:284,0
DA:285,0
DA:286,0
DA:289,0
DA:293,0
DA:294,0
DA:295,0
DA:296,0
DA:299,0
DA:303,0
DA:305,0
DA:307,0
DA:325,0
DA:326,0
DA:329,0
DA:334,0
DA:346,0
LF:86
LH:0
BRDA:23,0,0,0
BRDA:23,0,1,0
BRDA:38,1,0,0
BRDA:38,1,1,0
BRDA:39,2,0,0
BRDA:39,2,1,0
BRDA:42,3,0,0
BRDA:42,3,1,0
BRDA:43,4,0,0
BRDA:43,4,1,0
BRDA:43,5,0,0
BRDA:43,5,1,0
BRDA:46,6,0,0
BRDA:46,6,1,0
BRDA:46,7,0,0
BRDA:46,7,1,0
BRDA:47,8,0,0
BRDA:47,8,1,0
BRDA:47,9,0,0
BRDA:47,9,1,0
BRDA:50,10,0,0
BRDA:50,10,1,0
BRDA:51,11,0,0
BRDA:51,11,1,0
BRDA:125,12,0,0
BRDA:125,12,1,0
BRDA:127,13,0,0
BRDA:127,13,1,0
BRDA:131,14,0,0
BRDA:131,14,1,0
BRDA:194,15,0,0
BRDA:194,15,1,0
BRDA:197,16,0,0
BRDA:197,16,1,0
BRDA:198,17,0,0
BRDA:198,17,1,0
BRDA:203,18,0,0
BRDA:203,18,1,0
BRDA:210,19,0,0
BRDA:210,19,1,0
BRDA:217,20,0,0
BRDA:217,20,1,0
BRDA:224,21,0,0
BRDA:224,21,1,0
BRDA:225,22,0,0
BRDA:225,22,1,0
BRDA:227,23,0,0
BRDA:227,23,1,0
BRDA:235,24,0,0
BRDA:235,24,1,0
BRDA:240,25,0,0
BRDA:240,25,1,0
BRDA:247,26,0,0
BRDA:247,26,1,0
BRDA:248,27,0,0
BRDA:248,27,1,0
BRDA:249,28,0,0
BRDA:249,28,1,0
BRDA:255,29,0,0
BRDA:255,29,1,0
BRDA:284,30,0,0
BRDA:284,30,1,0
BRDA:294,31,0,0
BRDA:294,31,1,0
BRDA:303,32,0,0
BRDA:303,32,1,0
BRDA:310,33,0,0
BRDA:310,33,1,0
BRDA:325,34,0,0
BRDA:325,34,1,0
BRF:70
BRH:0
end_of_record
TN:
SF:api/src/controllers/settings.controller.js
FN:9,(anonymous_0)
FN:18,(anonymous_1)
FN:51,(anonymous_2)
FN:141,(anonymous_3)
FN:178,(anonymous_4)
FN:306,(anonymous_5)
FN:350,(anonymous_6)
FN:464,(anonymous_7)
FN:496,(anonymous_8)
FNF:9
FNH:0
FNDA:0,(anonymous_0)
FNDA:0,(anonymous_1)
FNDA:0,(anonymous_2)
FNDA:0,(anonymous_3)
FNDA:0,(anonymous_4)
FNDA:0,(anonymous_5)
FNDA:0,(anonymous_6)
FNDA:0,(anonymous_7)
FNDA:0,(anonymous_8)
DA:6,0
DA:10,0
DA:11,0
DA:19,0
DA:21,0
DA:22,0
DA:23,0
DA:26,0
DA:33,0
DA:38,0
DA:52,0
DA:54,0
DA:55,0
DA:57,0
DA:58,0
DA:66,0
DA:67,0
DA:70,0
DA:71,0
DA:72,0
DA:73,0
DA:75,0
DA:76,0
DA:77,0
DA:78,0
DA:81,0
DA:82,0
DA:85,0
DA:86,0
DA:89,0
DA:94,0
DA:95,0
DA:97,0
DA:98,0
DA:100,0
DA:101,0
DA:104,0
DA:105,0
DA:108,0
DA:111,0
DA:115,0
DA:123,0
DA:128,0
DA:142,0
DA:143,0
DA:145,0
DA:146,0
DA:147,0
DA:149,0
DA:158,0
DA:164,0
DA:179,0
DA:186,0
DA:187,0
DA:188,0
DA:191,0
DA:192,0
DA:200,0
DA:201,0
DA:209,0
DA:210,0
DA:219,0
DA:220,0
DA:229,0
DA:230,0
DA:233,0
DA:234,0
DA:235,0
DA:236,0
DA:237,0
DA:239,0
DA:240,0
DA:250,0
DA:251,0
DA:253,0
DA:254,0
DA:255,0
DA:257,0
DA:258,0
DA:267,0
DA:268,0
DA:270,0
DA:276,0
DA:288,0
DA:293,0
DA:307,0
DA:309,0
DA:310,0
DA:311,0
DA:314,0
DA:315,0
DA:316,0
DA:320,0
DA:321,0
DA:323,0
DA:325,0
DA:332,0
DA:337,0
DA:351,0
DA:353,0
DA:354,0
DA:355,0
DA:358,0
DA:359,0
DA:368,0
DA:374,0
DA:375,0
DA:376,0
DA:377,0
DA:388,0
DA:389,0
DA:391,0
DA:393,0
DA:398,0
DA:399,0
DA:400,0
DA:401,0
DA:404,0
DA:406,0
DA:411,0
DA:412,0
DA:415,0
DA:420,0
DA:421,0
DA:423,0
DA:427,0
DA:431,0
DA:432,0
DA:434,0
DA:446,0
DA:451,0
DA:465,0
DA:467,0
DA:468,0
DA:469,0
DA:471,0
DA:478,0
DA:483,0
DA:497,0
DA:499,0
DA:500,0
DA:502,0
DA:503,0
DA:511,0
DA:512,0
DA:515,0
DA:520,0
DA:529,0
DA:534,0
DA:544,0
LF:150
LH:0
BRDA:22,0,0,0
BRDA:22,0,1,0
BRDA:28,1,0,0
BRDA:28,1,1,0
BRDA:57,2,0,0
BRDA:57,2,1,0
BRDA:57,3,0,0
BRDA:57,3,1,0
BRDA:66,4,0,0
BRDA:66,4,1,0
BRDA:72,5,0,0
BRDA:72,5,1,0
BRDA:72,6,0,0
BRDA:72,6,1,0
BRDA:72,6,2,0
BRDA:75,7,0,0
BRDA:75,7,1,0
BRDA:81,8,0,0
BRDA:81,8,1,0
BRDA:94,9,0,0
BRDA:94,9,1,0
BRDA:98,10,0,0
BRDA:98,10,1,0
BRDA:98,11,0,0
BRDA:98,11,1,0
BRDA:104,12,0,0
BRDA:104,12,1,0
BRDA:146,13,0,0
BRDA:146,13,1,0
BRDA:152,14,0,0
BRDA:152,14,1,0
BRDA:153,15,0,0
BRDA:153,15,1,0
BRDA:191,16,0,0
BRDA:191,16,1,0
BRDA:205,17,0,0
BRDA:205,17,1,0
BRDA:209,18,0,0
BRDA:209,18,1,0
BRDA:219,19,0,0
BRDA:219,19,1,0
BRDA:233,20,0,0
BRDA:233,20,1,0
BRDA:267,21,0,0
BRDA:267,21,1,0
BRDA:315,22,0,0
BRDA:315,22,1,0
BRDA:320,23,0,0
BRDA:320,23,1,0
BRDA:354,24,0,0
BRDA:354,24,1,0
BRDA:358,25,0,0
BRDA:358,25,1,0
BRDA:363,26,0,0
BRDA:363,26,1,0
BRDA:364,27,0,0
BRDA:364,27,1,0
BRDA:365,28,0,0
BRDA:365,28,1,0
BRDA:374,29,0,0
BRDA:374,29,1,0
BRDA:393,30,0,0
BRDA:393,30,1,0
BRDA:398,31,0,0
BRDA:398,31,1,0
BRDA:404,32,0,0
BRDA:404,32,1,0
BRDA:411,33,0,0
BRDA:411,33,1,0
BRDA:411,34,0,0
BRDA:411,34,1,0
BRDA:421,35,0,0
BRDA:421,35,1,0
BRDA:468,36,0,0
BRDA:468,36,1,0
BRDA:502,37,0,0
BRDA:502,37,1,0
BRDA:502,38,0,0
BRDA:502,38,1,0
BRDA:511,39,0,0
BRDA:511,39,1,0
BRF:81
BRH:0
end_of_record
TN:
SF:api/src/middleware/cors.middleware.js
FN:54,(anonymous_0)
FN:65,(anonymous_1)
FN:113,getCorsConfig
FN:121,(anonymous_3)
FN:134,(anonymous_4)
FN:163,createCorsMiddleware
FN:186,createSecurityHeadersMiddleware
FN:187,(anonymous_7)
FN:230,createPreflightHandler
FN:231,(anonymous_9)
FN:254,createCorsErrorHandler
FN:255,(anonymous_11)
FN:287,createCorsMiddlewareStack
FN:324,(anonymous_13)
FNF:14
FNH:0
FNDA:0,(anonymous_0)
FNDA:0,(anonymous_1)
FNDA:0,getCorsConfig
FNDA:0,(anonymous_3)
FNDA:0,(anonymous_4)
FNDA:0,createCorsMiddleware
FNDA:0,createSecurityHeadersMiddleware
FNDA:0,(anonymous_7)
FNDA:0,createPreflightHandler
FNDA:0,(anonymous_9)
FNDA:0,createCorsErrorHandler
FNDA:0,(anonymous_11)
FNDA:0,createCorsMiddlewareStack
FNDA:0,(anonymous_13)
DA:6,0
DA:7,0
DA:12,0
DA:56,0
DA:58,0
DA:65,0
DA:66,0
DA:67,0
DA:69,0
DA:71,0
DA:75,0
DA:76,0
DA:114,0
DA:115,0
DA:118,0
DA:119,0
DA:121,0
DA:123,0
DA:126,0
DA:127,0
DA:128,0
DA:129,0
DA:133,0
DA:134,0
DA:135,0
DA:136,0
DA:138,0
DA:141,0
DA:142,0
DA:144,0
DA:145,0
DA:146,0
DA:147,0
DA:150,0
DA:151,0
DA:155,0
DA:164,0
DA:165,0
DA:166,0
DA:168,0
DA:171,0
DA:179,0
DA:187,0
DA:188,0
DA:191,0
DA:202,0
DA:203,0
DA:204,0
DA:205,0
DA:206,0
DA:209,0
DA:210,0
DA:213,0
DA:214,0
DA:217,0
DA:222,0
DA:231,0
DA:232,0
DA:233,0
DA:235,0
DA:242,0
DA:243,0
DA:246,0
DA:255,0
DA:256,0
DA:257,0
DA:259,0
DA:267,0
DA:275,0
DA:278,0
DA:288,0
DA:291,0
DA:292,0
DA:296,0
DA:299,0
DA:300,0
DA:304,0
DA:305,0
DA:308,0
DA:314,0
DA:325,0
DA:327,0
DA:328,0
DA:330,0
DA:397,0
LF:85
LH:0
BRDA:56,0,0,0
BRDA:56,0,1,0
BRDA:61,1,0,0
BRDA:61,1,1,0
BRDA:65,2,0,0
BRDA:65,2,1,0
BRDA:66,3,0,0
BRDA:66,3,1,0
BRDA:67,4,0,0
BRDA:67,4,1,0
BRDA:69,5,0,0
BRDA:69,5,1,0
BRDA:114,6,0,0
BRDA:114,6,1,0
BRDA:115,7,0,0
BRDA:115,7,1,0
BRDA:118,8,0,0
BRDA:118,8,1,0
BRDA:118,9,0,0
BRDA:118,9,1,0
BRDA:123,10,0,0
BRDA:123,10,1,0
BRDA:127,11,0,0
BRDA:127,11,1,0
BRDA:133,12,0,0
BRDA:133,12,1,0
BRDA:135,13,0,0
BRDA:135,13,1,0
BRDA:138,14,0,0
BRDA:138,14,1,0
BRDA:141,15,0,0
BRDA:141,15,1,0
BRDA:144,16,0,0
BRDA:144,16,1,0
BRDA:146,17,0,0
BRDA:146,17,1,0
BRDA:163,18,0,0
BRDA:213,19,0,0
BRDA:213,19,1,0
BRDA:232,20,0,0
BRDA:232,20,1,0
BRDA:256,21,0,0
BRDA:256,21,1,0
BRDA:256,22,0,0
BRDA:256,22,1,0
BRDA:287,23,0,0
BRDA:291,24,0,0
BRDA:291,24,1,0
BRDA:299,25,0,0
BRDA:299,25,1,0
BRDA:304,26,0,0
BRDA:304,26,1,0
BRDA:325,27,0,0
BRDA:325,27,1,0
BRDA:327,28,0,0
BRDA:327,28,1,0
BRDA:327,29,0,0
BRDA:327,29,1,0
BRF:58
BRH:0
end_of_record
TN:
SF:api/src/middleware/error.middleware.js
FN:13,(anonymous_0)
FN:30,(anonymous_1)
FN:41,(anonymous_2)
FN:52,(anonymous_3)
FN:62,errorHandler
FN:109,handleErrorType
FN:190,getMulterErrorMessage
FN:214,sanitizeRequestBody
FN:220,(anonymous_8)
FN:232,asyncErrorWrapper
FN:233,(anonymous_10)
FN:241,notFoundHandler
FN:254,rateLimitErrorHandler
FN:267,createErrorMiddleware
FN:292,setupGlobalErrorHandlers
FN:296,(anonymous_15)
FN:306,(anonymous_16)
FN:312,(anonymous_17)
FN:324,(anonymous_18)
FN:331,(anonymous_19)
FN:337,(anonymous_20)
FNF:21
FNH:0
FNDA:0,(anonymous_0)
FNDA:0,(anonymous_1)
FNDA:0,(anonymous_2)
FNDA:0,(anonymous_3)
FNDA:0,errorHandler
FNDA:0,handleErrorType
FNDA:0,getMulterErrorMessage
FNDA:0,sanitizeRequestBody
FNDA:0,(anonymous_8)
FNDA:0,asyncErrorWrapper
FNDA:0,(anonymous_10)
FNDA:0,notFoundHandler
FNDA:0,rateLimitErrorHandler
FNDA:0,createErrorMiddleware
FNDA:0,setupGlobalErrorHandlers
FNDA:0,(anonymous_15)
FNDA:0,(anonymous_16)
FNDA:0,(anonymous_17)
FNDA:0,(anonymous_18)
FNDA:0,(anonymous_19)
FNDA:0,(anonymous_20)
DA:6,0
DA:7,0
DA:14,0
DA:15,0
DA:16,0
DA:17,0
DA:18,0
DA:19,0
DA:22,0
DA:31,0
DA:32,0
DA:33,0
DA:42,0
DA:43,0
DA:44,0
DA:53,0
DA:54,0
DA:55,0
DA:63,0
DA:66,0
DA:77,0
DA:78,0
DA:88,0
DA:100,0
DA:103,0
DA:110,0
DA:113,0
DA:125,0
DA:126,0
DA:130,0
DA:132,0
DA:133,0
DA:134,0
DA:137,0
DA:140,0
DA:141,0
DA:143,0
DA:146,0
DA:147,0
DA:150,0
DA:155,0
DA:156,0
DA:157,0
DA:160,0
DA:163,0
DA:164,0
DA:165,0
DA:166,0
DA:168,0
DA:171,0
DA:172,0
DA:173,0
DA:174,0
DA:178,0
DA:179,0
DA:180,0
DA:184,0
DA:191,0
DA:193,0
DA:195,0
DA:197,0
DA:199,0
DA:201,0
DA:203,0
DA:205,0
DA:207,0
DA:215,0
DA:217,0
DA:218,0
DA:220,0
DA:221,0
DA:222,0
DA:226,0
DA:233,0
DA:234,0
DA:242,0
DA:248,0
DA:255,0
DA:261,0
DA:268,0
DA:293,0
DA:296,0
DA:297,0
DA:306,0
DA:307,0
DA:312,0
DA:313,0
DA:323,0
DA:324,0
DA:325,0
DA:331,0
DA:332,0
DA:337,0
DA:338,0
DA:340,0
DA:344,0
LF:96
LH:0
BRDA:13,0,0,0
BRDA:13,1,0,0
BRDA:13,2,0,0
BRDA:30,3,0,0
BRDA:41,4,0,0
BRDA:52,5,0,0
BRDA:69,6,0,0
BRDA:69,6,1,0
BRDA:72,7,0,0
BRDA:72,7,1,0
BRDA:73,8,0,0
BRDA:73,8,1,0
BRDA:77,9,0,0
BRDA:77,9,1,0
BRDA:117,10,0,0
BRDA:117,10,1,0
BRDA:118,11,0,0
BRDA:118,11,1,0
BRDA:121,12,0,0
BRDA:121,12,1,0
BRDA:125,13,0,0
BRDA:125,13,1,0
BRDA:125,14,0,0
BRDA:125,14,1,0
BRDA:130,15,0,0
BRDA:130,15,1,0
BRDA:130,15,2,0
BRDA:130,15,3,0
BRDA:130,15,4,0
BRDA:130,15,5,0
BRDA:130,15,6,0
BRDA:130,15,7,0
BRDA:137,16,0,0
BRDA:137,16,1,0
BRDA:140,17,0,0
BRDA:140,17,1,0
BRDA:140,18,0,0
BRDA:140,18,1,0
BRDA:147,19,0,0
BRDA:147,19,1,0
BRDA:157,20,0,0
BRDA:157,20,1,0
BRDA:163,21,0,0
BRDA:163,21,1,0
BRDA:178,22,0,0
BRDA:178,22,1,0
BRDA:178,23,0,0
BRDA:178,23,1,0
BRDA:191,24,0,0
BRDA:191,24,1,0
BRDA:191,24,2,0
BRDA:191,24,3,0
BRDA:191,24,4,0
BRDA:191,24,5,0
BRDA:191,24,6,0
BRDA:191,24,7,0
BRDA:215,25,0,0
BRDA:215,25,1,0
BRDA:215,26,0,0
BRDA:215,26,1,0
BRDA:221,27,0,0
BRDA:221,27,1,0
BRDA:314,28,0,0
BRDA:314,28,1,0
BRDA:323,29,0,0
BRDA:323,29,1,0
BRF:66
BRH:0
end_of_record
TN:
SF:api/src/middleware/index.js
FN:230,setupMiddlewareStack
FN:251,(anonymous_1)
FN:258,(anonymous_2)
FN:283,(anonymous_3)
FN:318,setupRouteMiddleware
FN:371,setupErrorHandling
FN:388,createRouteMiddlewareFactory
FN:389,(anonymous_7)
FN:408,(anonymous_8)
FN:411,(anonymous_9)
FN:412,(anonymous_10)
FN:413,(anonymous_11)
FN:419,(anonymous_12)
FN:420,(anonymous_13)
FN:430,getMiddlewareHealth
FNF:15
FNH:0
FNDA:0,setupMiddlewareStack
FNDA:0,(anonymous_1)
FNDA:0,(anonymous_2)
FNDA:0,(anonymous_3)
FNDA:0,setupRouteMiddleware
FNDA:0,setupErrorHandling
FNDA:0,createRouteMiddlewareFactory
FNDA:0,(anonymous_7)
FNDA:0,(anonymous_8)
FNDA:0,(anonymous_9)
FNDA:0,(anonymous_10)
FNDA:0,(anonymous_11)
FNDA:0,(anonymous_12)
FNDA:0,(anonymous_13)
FNDA:0,getMiddlewareHealth
DA:6,0
DA:7,0
DA:19,0
DA:26,0
DA:32,0
DA:38,0
DA:44,0
DA:49,0
DA:160,0
DA:231,0
DA:232,0
DA:233,0
DA:235,0
DA:237,0
DA:243,0
DA:246,0
DA:249,0
DA:250,0
DA:251,0
DA:252,0
DA:256,0
DA:257,0
DA:258,0
DA:259,0
DA:263,0
DA:266,0
DA:267,0
DA:268,0
DA:269,0
DA:271,0
DA:274,0
DA:275,0
DA:281,0
DA:284,0
DA:287,0
DA:293,0
DA:295,0
DA:297,0
DA:319,0
DA:320,0
DA:322,0
DA:327,0
DA:330,0
DA:331,0
DA:332,0
DA:333,0
DA:334,0
DA:341,0
DA:342,0
DA:343,0
DA:344,0
DA:350,0
DA:351,0
DA:352,0
DA:353,0
DA:354,0
DA:356,0
DA:358,0
DA:364,0
DA:372,0
DA:375,0
DA:378,0
DA:380,0
DA:389,0
DA:390,0
DA:397,0
DA:408,0
DA:411,0
DA:412,0
DA:413,0
DA:419,0
DA:420,0
DA:431,0
DA:445,0
LF:74
LH:0
BRDA:230,0,0,0
BRDA:231,1,0,0
BRDA:231,1,1,0
BRDA:232,2,0,0
BRDA:232,2,1,0
BRDA:249,3,0,0
BRDA:249,3,1,0
BRDA:256,4,0,0
BRDA:256,4,1,0
BRDA:263,5,0,0
BRDA:263,5,1,0
BRDA:263,6,0,0
BRDA:263,6,1,0
BRDA:266,7,0,0
BRDA:266,7,1,0
BRDA:268,8,0,0
BRDA:268,8,1,0
BRDA:276,9,0,0
BRDA:276,9,1,0
BRDA:318,10,0,0
BRDA:319,11,0,0
BRDA:319,11,1,0
BRDA:330,12,0,0
BRDA:330,12,1,0
BRDA:330,13,0,0
BRDA:330,13,1,0
BRDA:332,14,0,0
BRDA:332,14,1,0
BRDA:341,15,0,0
BRDA:341,15,1,0
BRDA:341,16,0,0
BRDA:341,16,1,0
BRDA:350,17,0,0
BRDA:350,17,1,0
BRDA:351,18,0,0
BRDA:351,18,1,0
BRDA:351,19,0,0
BRDA:351,19,1,0
BRDA:353,20,0,0
BRDA:353,20,1,0
BRDA:389,21,0,0
BRDA:408,22,0,0
BRDA:408,22,1,0
BRDA:419,23,0,0
BRDA:419,23,1,0
BRDA:422,24,0,0
BRDA:422,24,1,0
BRDA:440,25,0,0
BRDA:440,25,1,0
BRF:49
BRH:0
end_of_record
TN:
SF:api/src/middleware/logging.middleware.js
FN:13,createRequestIdMiddleware
FN:14,(anonymous_1)
FN:35,createRequestLoggingMiddleware
FN:50,(anonymous_3)
FN:57,(anonymous_4)
FN:102,(anonymous_5)
FN:104,(anonymous_6)
FN:136,createResponseLoggingMiddleware
FN:147,(anonymous_8)
FN:149,(anonymous_9)
FN:167,(anonymous_10)
FN:176,(anonymous_11)
FN:185,(anonymous_12)
FN:197,logResponse
FN:292,createErrorLoggingMiddleware
FN:300,(anonymous_15)
FN:341,(anonymous_16)
FN:358,createPerformanceMiddleware
FN:367,(anonymous_18)
FN:381,(anonymous_19)
FN:426,getClientIP
FN:441,sanitizeObject
FN:446,(anonymous_22)
FN:447,(anonymous_23)
FN:461,(anonymous_24)
FN:463,(anonymous_25)
FN:476,createLoggingMiddlewareStack
FNF:27
FNH:0
FNDA:0,createRequestIdMiddleware
FNDA:0,(anonymous_1)
FNDA:0,createRequestLoggingMiddleware
FNDA:0,(anonymous_3)
FNDA:0,(anonymous_4)
FNDA:0,(anonymous_5)
FNDA:0,(anonymous_6)
FNDA:0,createResponseLoggingMiddleware
FNDA:0,(anonymous_8)
FNDA:0,(anonymous_9)
FNDA:0,(anonymous_10)
FNDA:0,(anonymous_11)
FNDA:0,(anonymous_12)
FNDA:0,logResponse
FNDA:0,createErrorLoggingMiddleware
FNDA:0,(anonymous_15)
FNDA:0,(anonymous_16)
FNDA:0,createPerformanceMiddleware
FNDA:0,(anonymous_18)
FNDA:0,(anonymous_19)
FNDA:0,getClientIP
FNDA:0,sanitizeObject
FNDA:0,(anonymous_22)
FNDA:0,(anonymous_23)
FNDA:0,(anonymous_24)
FNDA:0,(anonymous_25)
FNDA:0,createLoggingMiddlewareStack
DA:6,0
DA:7,0
DA:14,0
DA:16,0
DA:21,0
DA:22,0
DA:25,0
DA:27,0
DA:36,0
DA:50,0
DA:51,0
DA:57,0
DA:58,0
DA:62,0
DA:63,0
DA:66,0
DA:67,0
DA:80,0
DA:81,0
DA:85,0
DA:86,0
DA:87,0
DA:88,0
DA:90,0
DA:91,0
DA:96,0
DA:97,0
DA:101,0
DA:102,0
DA:103,0
DA:104,0
DA:105,0
DA:107,0
DA:113,0
DA:114,0
DA:122,0
DA:125,0
DA:126,0
DA:128,0
DA:137,0
DA:147,0
DA:149,0
DA:150,0
DA:153,0
DA:159,0
DA:160,0
DA:161,0
DA:163,0
DA:164,0
DA:167,0
DA:168,0
DA:169,0
DA:170,0
DA:172,0
DA:176,0
DA:177,0
DA:178,0
DA:179,0
DA:181,0
DA:185,0
DA:186,0
DA:187,0
DA:188,0
DA:192,0
DA:194,0
DA:198,0
DA:199,0
DA:201,0
DA:214,0
DA:215,0
DA:219,0
DA:220,0
DA:221,0
DA:225,0
DA:228,0
DA:229,0
DA:234,0
DA:235,0
DA:236,0
DA:237,0
DA:241,0
DA:242,0
DA:244,0
DA:245,0
DA:246,0
DA:247,0
DA:248,0
DA:249,0
DA:250,0
DA:251,0
DA:252,0
DA:256,0
DA:257,0
DA:261,0
DA:262,0
DA:263,0
DA:267,0
DA:270,0
DA:281,0
DA:284,0
DA:293,0
DA:300,0
DA:301,0
DA:306,0
DA:316,0
DA:317,0
DA:321,0
DA:322,0
DA:333,0
DA:334,0
DA:341,0
DA:342,0
DA:343,0
DA:348,0
DA:350,0
DA:359,0
DA:367,0
DA:369,0
DA:370,0
DA:373,0
DA:378,0
DA:379,0
DA:381,0
DA:382,0
DA:383,0
DA:385,0
DA:395,0
DA:396,0
DA:397,0
DA:405,0
DA:406,0
DA:407,0
DA:409,0
DA:413,0
DA:427,0
DA:442,0
DA:444,0
DA:446,0
DA:447,0
DA:448,0
DA:450,0
DA:453,0
DA:454,0
DA:457,0
DA:460,0
DA:461,0
DA:463,0
DA:464,0
DA:468,0
DA:477,0
DA:480,0
DA:483,0
DA:484,0
DA:488,0
DA:489,0
DA:493,0
DA:494,0
DA:497,0
DA:500,0
LF:159
LH:0
BRDA:16,0,0,0
BRDA:16,0,1,0
BRDA:16,0,2,0
BRDA:35,1,0,0
BRDA:39,2,0,0
BRDA:39,2,1,0
BRDA:40,3,0,0
BRDA:40,3,1,0
BRDA:41,4,0,0
BRDA:41,4,1,0
BRDA:44,5,0,0
BRDA:44,5,1,0
BRDA:45,6,0,0
BRDA:45,6,1,0
BRDA:46,7,0,0
BRDA:46,7,1,0
BRDA:57,8,0,0
BRDA:57,8,1,0
BRDA:62,9,0,0
BRDA:62,9,1,0
BRDA:70,10,0,0
BRDA:70,10,1,0
BRDA:80,11,0,0
BRDA:80,11,1,0
BRDA:80,12,0,0
BRDA:80,12,1,0
BRDA:85,13,0,0
BRDA:85,13,1,0
BRDA:85,14,0,0
BRDA:85,14,1,0
BRDA:87,15,0,0
BRDA:87,15,1,0
BRDA:96,16,0,0
BRDA:96,16,1,0
BRDA:97,17,0,0
BRDA:97,17,1,0
BRDA:104,18,0,0
BRDA:104,18,1,0
BRDA:104,19,0,0
BRDA:104,19,1,0
BRDA:113,20,0,0
BRDA:113,20,1,0
BRDA:136,21,0,0
BRDA:138,22,0,0
BRDA:138,22,1,0
BRDA:139,23,0,0
BRDA:139,23,1,0
BRDA:140,24,0,0
BRDA:140,24,1,0
BRDA:142,25,0,0
BRDA:142,25,1,0
BRDA:143,26,0,0
BRDA:143,26,1,0
BRDA:149,27,0,0
BRDA:149,27,1,0
BRDA:168,28,0,0
BRDA:168,28,1,0
BRDA:177,29,0,0
BRDA:177,29,1,0
BRDA:186,30,0,0
BRDA:186,30,1,0
BRDA:186,31,0,0
BRDA:186,31,1,0
BRDA:199,32,0,0
BRDA:199,32,1,0
BRDA:204,33,0,0
BRDA:204,33,1,0
BRDA:214,34,0,0
BRDA:214,34,1,0
BRDA:214,35,0,0
BRDA:214,35,1,0
BRDA:215,36,0,0
BRDA:215,36,1,0
BRDA:219,37,0,0
BRDA:219,37,1,0
BRDA:221,38,0,0
BRDA:221,38,1,0
BRDA:236,39,0,0
BRDA:236,39,1,0
BRDA:236,40,0,0
BRDA:236,40,1,0
BRDA:244,41,0,0
BRDA:244,41,1,0
BRDA:247,42,0,0
BRDA:247,42,1,0
BRDA:248,43,0,0
BRDA:248,43,1,0
BRDA:250,44,0,0
BRDA:250,44,1,0
BRDA:256,45,0,0
BRDA:256,45,1,0
BRDA:261,46,0,0
BRDA:261,46,1,0
BRDA:273,47,0,0
BRDA:273,47,1,0
BRDA:292,48,0,0
BRDA:296,49,0,0
BRDA:296,49,1,0
BRDA:311,50,0,0
BRDA:311,50,1,0
BRDA:316,51,0,0
BRDA:316,51,1,0
BRDA:316,52,0,0
BRDA:316,52,1,0
BRDA:321,53,0,0
BRDA:321,53,1,0
BRDA:324,54,0,0
BRDA:324,54,1,0
BRDA:327,55,0,0
BRDA:327,55,1,0
BRDA:328,56,0,0
BRDA:328,56,1,0
BRDA:333,57,0,0
BRDA:333,57,1,0
BRDA:342,58,0,0
BRDA:342,58,1,0
BRDA:358,59,0,0
BRDA:360,60,0,0
BRDA:360,60,1,0
BRDA:362,61,0,0
BRDA:362,61,1,0
BRDA:363,62,0,0
BRDA:363,62,1,0
BRDA:369,63,0,0
BRDA:369,63,1,0
BRDA:379,64,0,0
BRDA:379,64,1,0
BRDA:388,65,0,0
BRDA:388,65,1,0
BRDA:395,66,0,0
BRDA:395,66,1,0
BRDA:395,67,0,0
BRDA:395,67,1,0
BRDA:405,68,0,0
BRDA:405,68,1,0
BRDA:405,69,0,0
BRDA:405,69,1,0
BRDA:427,70,0,0
BRDA:427,70,1,0
BRDA:427,70,2,0
BRDA:427,70,3,0
BRDA:427,70,4,0
BRDA:427,70,5,0
BRDA:441,71,0,0
BRDA:442,72,0,0
BRDA:442,72,1,0
BRDA:442,73,0,0
BRDA:442,73,1,0
BRDA:444,74,0,0
BRDA:444,74,1,0
BRDA:447,75,0,0
BRDA:447,75,1,0
BRDA:453,76,0,0
BRDA:453,76,1,0
BRDA:453,77,0,0
BRDA:453,77,1,0
BRDA:460,78,0,0
BRDA:460,78,1,0
BRDA:476,79,0,0
BRDA:483,80,0,0
BRDA:483,80,1,0
BRDA:488,81,0,0
BRDA:488,81,1,0
BRDA:493,82,0,0
BRDA:493,82,1,0
BRF:165
BRH:0
end_of_record
TN:
SF:api/src/middleware/rateLimit.middleware.js
FN:15,(anonymous_0)
FN:20,(anonymous_1)
FN:30,(anonymous_2)
FN:49,(anonymous_3)
FN:59,(anonymous_4)
FN:82,(anonymous_5)
FN:105,(anonymous_6)
FN:115,(anonymous_7)
FN:208,createKeyGenerator
FN:209,(anonymous_9)
FN:255,createRateLimitMiddleware
FN:291,(anonymous_11)
FN:378,createDynamicRateLimiter
FN:384,(anonymous_13)
FN:394,(anonymous_14)
FN:399,(anonymous_15)
FN:414,(anonymous_16)
FN:417,(anonymous_17)
FN:420,(anonymous_18)
FN:423,(anonymous_19)
FN:426,(anonymous_20)
FN:429,(anonymous_21)
FN:432,(anonymous_22)
FN:435,(anonymous_23)
FN:441,(anonymous_24)
FN:444,(anonymous_25)
FN:450,(anonymous_26)
FN:466,(anonymous_27)
FN:483,(anonymous_28)
FN:492,(anonymous_29)
FNF:30
FNH:0
FNDA:0,(anonymous_0)
FNDA:0,(anonymous_1)
FNDA:0,(anonymous_2)
FNDA:0,(anonymous_3)
FNDA:0,(anonymous_4)
FNDA:0,(anonymous_5)
FNDA:0,(anonymous_6)
FNDA:0,(anonymous_7)
FNDA:0,createKeyGenerator
FNDA:0,(anonymous_9)
FNDA:0,createRateLimitMiddleware
FNDA:0,(anonymous_11)
FNDA:0,createDynamicRateLimiter
FNDA:0,(anonymous_13)
FNDA:0,(anonymous_14)
FNDA:0,(anonymous_15)
FNDA:0,(anonymous_16)
FNDA:0,(anonymous_17)
FNDA:0,(anonymous_18)
FNDA:0,(anonymous_19)
FNDA:0,(anonymous_20)
FNDA:0,(anonymous_21)
FNDA:0,(anonymous_22)
FNDA:0,(anonymous_23)
FNDA:0,(anonymous_24)
FNDA:0,(anonymous_25)
FNDA:0,(anonymous_26)
FNDA:0,(anonymous_27)
FNDA:0,(anonymous_28)
FNDA:0,(anonymous_29)
DA:6,0
DA:7,0
DA:8,0
DA:16,0
DA:17,0
DA:20,0
DA:21,0
DA:31,0
DA:33,0
DA:36,0
DA:37,0
DA:38,0
DA:41,0
DA:50,0
DA:60,0
DA:61,0
DA:63,0
DA:65,0
DA:66,0
DA:72,0
DA:75,0
DA:76,0
DA:83,0
DA:84,0
DA:86,0
DA:87,0
DA:88,0
DA:89,0
DA:93,0
DA:94,0
DA:106,0
DA:116,0
DA:117,0
DA:119,0
DA:126,0
DA:209,0
DA:210,0
DA:213,0
DA:218,0
DA:221,0
DA:222,0
DA:226,0
DA:227,0
DA:232,0
DA:236,0
DA:237,0
DA:241,0
DA:242,0
DA:245,0
DA:257,0
DA:262,0
DA:263,0
DA:264,0
DA:267,0
DA:270,0
DA:273,0
DA:280,0
DA:285,0
DA:291,0
DA:292,0
DA:293,0
DA:294,0
DA:297,0
DA:298,0
DA:302,0
DA:305,0
DA:306,0
DA:314,0
DA:315,0
DA:323,0
DA:324,0
DA:335,0
DA:336,0
DA:340,0
DA:346,0
DA:350,0
DA:351,0
DA:359,0
DA:362,0
DA:368,0
DA:379,0
DA:380,0
DA:381,0
DA:384,0
DA:386,0
DA:387,0
DA:389,0
DA:390,0
DA:391,0
DA:394,0
DA:397,0
DA:401,0
DA:402,0
DA:403,0
DA:404,0
DA:412,0
DA:414,0
DA:417,0
DA:420,0
DA:423,0
DA:426,0
DA:429,0
DA:432,0
DA:435,0
DA:441,0
DA:444,0
DA:450,0
DA:459,0
DA:467,0
DA:468,0
DA:470,0
DA:484,0
DA:493,0
DA:497,0
LF:114
LH:0
BRDA:33,0,0,0
BRDA:33,0,1,0
BRDA:36,1,0,0
BRDA:36,1,1,0
BRDA:65,2,0,0
BRDA:65,2,1,0
BRDA:87,3,0,0
BRDA:87,3,1,0
BRDA:93,4,0,0
BRDA:93,4,1,0
BRDA:116,5,0,0
BRDA:116,5,1,0
BRDA:208,6,0,0
BRDA:213,7,0,0
BRDA:213,7,1,0
BRDA:213,7,2,0
BRDA:213,7,3,0
BRDA:213,7,4,0
BRDA:221,8,0,0
BRDA:221,8,1,0
BRDA:221,9,0,0
BRDA:221,9,1,0
BRDA:226,10,0,0
BRDA:226,10,1,0
BRDA:226,11,0,0
BRDA:226,11,1,0
BRDA:236,12,0,0
BRDA:236,12,1,0
BRDA:237,13,0,0
BRDA:237,13,1,0
BRDA:241,14,0,0
BRDA:241,14,1,0
BRDA:255,15,0,0
BRDA:255,16,0,0
BRDA:257,17,0,0
BRDA:257,17,1,0
BRDA:258,18,0,0
BRDA:258,18,1,0
BRDA:262,19,0,0
BRDA:262,19,1,0
BRDA:263,20,0,0
BRDA:263,20,1,0
BRDA:263,21,0,0
BRDA:263,21,1,0
BRDA:273,22,0,0
BRDA:273,22,1,0
BRDA:282,23,0,0
BRDA:282,23,1,0
BRDA:297,24,0,0
BRDA:297,24,1,0
BRDA:297,25,0,0
BRDA:297,25,1,0
BRDA:305,26,0,0
BRDA:305,26,1,0
BRDA:314,27,0,0
BRDA:314,27,1,0
BRDA:323,28,0,0
BRDA:323,28,1,0
BRDA:335,29,0,0
BRDA:335,29,1,0
BRDA:350,30,0,0
BRDA:350,30,1,0
BRDA:378,31,0,0
BRDA:390,32,0,0
BRDA:390,32,1,0
BRDA:402,33,0,0
BRDA:402,33,1,0
BRDA:403,34,0,0
BRDA:403,34,1,0
BRDA:468,35,0,0
BRDA:468,35,1,0
BRF:71
BRH:0
end_of_record
TN:
SF:api/src/middleware/session-validation.middleware.js
FN:11,validateSessionMiddleware
FN:12,(anonymous_1)
FN:23,(anonymous_2)
FN:87,requireSessionTracking
FN:88,(anonymous_4)
FN:140,sessionHeartbeat
FN:141,(anonymous_6)
FN:158,handleSessionErrors
FN:159,(anonymous_8)
FNF:9
FNH:0
FNDA:0,validateSessionMiddleware
FNDA:0,(anonymous_1)
FNDA:0,(anonymous_2)
FNDA:0,requireSessionTracking
FNDA:0,(anonymous_4)
FNDA:0,sessionHeartbeat
FNDA:0,(anonymous_6)
FNDA:0,handleSessionErrors
FNDA:0,(anonymous_8)
DA:6,0
DA:12,0
DA:14,0
DA:23,0
DA:24,0
DA:27,0
DA:28,0
DA:32,0
DA:34,0
DA:35,0
DA:36,0
DA:37,0
DA:38,0
DA:39,0
DA:40,0
DA:41,0
DA:45,0
DA:46,0
DA:47,0
DA:51,0
DA:52,0
DA:54,0
DA:55,0
DA:61,0
DA:71,0
DA:72,0
DA:74,0
DA:80,0
DA:88,0
DA:90,0
DA:91,0
DA:93,0
DA:98,0
DA:102,0
DA:105,0
DA:112,0
DA:113,0
DA:115,0
DA:122,0
DA:124,0
DA:133,0
DA:141,0
DA:142,0
DA:144,0
DA:147,0
DA:148,0
DA:151,0
DA:159,0
DA:160,0
DA:162,0
DA:173,0
DA:176,0
DA:180,0
LF:53
LH:0
BRDA:27,0,0,0
BRDA:27,0,1,0
BRDA:34,1,0,0
BRDA:34,1,1,0
BRDA:36,2,0,0
BRDA:36,2,1,0
BRDA:38,3,0,0
BRDA:38,3,1,0
BRDA:40,4,0,0
BRDA:40,4,1,0
BRDA:45,5,0,0
BRDA:45,5,1,0
BRDA:45,6,0,0
BRDA:45,6,1,0
BRDA:51,7,0,0
BRDA:51,7,1,0
BRDA:54,8,0,0
BRDA:54,8,1,0
BRDA:90,9,0,0
BRDA:90,9,1,0
BRDA:90,10,0,0
BRDA:90,10,1,0
BRDA:93,11,0,0
BRDA:93,11,1,0
BRDA:93,11,2,0
BRDA:93,11,3,0
BRDA:98,12,0,0
BRDA:98,12,1,0
BRDA:98,12,2,0
BRDA:102,13,0,0
BRDA:102,13,1,0
BRDA:108,14,0,0
BRDA:108,14,1,0
BRDA:142,15,0,0
BRDA:142,15,1,0
BRDA:160,16,0,0
BRDA:160,16,1,0
BRDA:164,17,0,0
BRDA:164,17,1,0
BRF:39
BRH:0
end_of_record
TN:
SF:api/src/middleware/validation.middleware.js
FN:167,createValidationMiddleware
FN:174,(anonymous_1)
FN:192,(anonymous_2)
FN:234,createFileValidationMiddleware
FN:250,(anonymous_4)
FN:327,createCustomValidation
FN:328,(anonymous_6)
FN:359,sanitizeForLog
FN:365,(anonymous_8)
FN:379,(anonymous_9)
FN:382,(anonymous_10)
FN:385,(anonymous_11)
FN:388,(anonymous_12)
FN:391,(anonymous_13)
FN:394,(anonymous_14)
FN:394,(anonymous_15)
FN:410,(anonymous_16)
FN:410,(anonymous_17)
FNF:18
FNH:0
FNDA:0,createValidationMiddleware
FNDA:0,(anonymous_1)
FNDA:0,(anonymous_2)
FNDA:0,createFileValidationMiddleware
FNDA:0,(anonymous_4)
FNDA:0,createCustomValidation
FNDA:0,(anonymous_6)
FNDA:0,sanitizeForLog
FNDA:0,(anonymous_8)
FNDA:0,(anonymous_9)
FNDA:0,(anonymous_10)
FNDA:0,(anonymous_11)
FNDA:0,(anonymous_12)
FNDA:0,(anonymous_13)
FNDA:0,(anonymous_14)
FNDA:0,(anonymous_15)
FNDA:0,(anonymous_16)
FNDA:0,(anonymous_17)
DA:6,0
DA:7,0
DA:8,0
DA:13,0
DA:15,0
DA:70,0
DA:168,0
DA:170,0
DA:171,0
DA:174,0
DA:175,0
DA:181,0
DA:182,0
DA:185,0
DA:191,0
DA:192,0
DA:198,0
DA:203,0
DA:207,0
DA:209,0
DA:213,0
DA:216,0
DA:217,0
DA:219,0
DA:223,0
DA:235,0
DA:250,0
DA:251,0
DA:255,0
DA:256,0
DA:259,0
DA:260,0
DA:264,0
DA:265,0
DA:269,0
DA:270,0
DA:278,0
DA:279,0
DA:288,0
DA:289,0
DA:297,0
DA:301,0
DA:307,0
DA:310,0
DA:311,0
DA:313,0
DA:316,0
DA:328,0
DA:329,0
DA:333,0
DA:334,0
DA:336,0
DA:337,0
DA:340,0
DA:341,0
DA:344,0
DA:345,0
DA:347,0
DA:350,0
DA:360,0
DA:362,0
DA:363,0
DA:365,0
DA:366,0
DA:367,0
DA:371,0
DA:377,0
DA:379,0
DA:382,0
DA:385,0
DA:388,0
DA:391,0
DA:394,0
DA:395,0
DA:396,0
DA:398,0
DA:399,0
DA:406,0
DA:410,0
DA:412,0
DA:413,0
DA:415,0
DA:422,0
DA:445,0
LF:84
LH:0
BRDA:167,0,0,0
BRDA:170,1,0,0
BRDA:170,1,1,0
BRDA:191,2,0,0
BRDA:191,2,1,0
BRDA:210,3,0,0
BRDA:210,3,1,0
BRDA:216,4,0,0
BRDA:216,4,1,0
BRDA:234,5,0,0
BRDA:236,6,0,0
BRDA:236,6,1,0
BRDA:237,7,0,0
BRDA:237,7,1,0
BRDA:259,8,0,0
BRDA:259,8,1,0
BRDA:259,9,0,0
BRDA:259,9,1,0
BRDA:264,10,0,0
BRDA:264,10,1,0
BRDA:264,11,0,0
BRDA:264,11,1,0
BRDA:269,12,0,0
BRDA:269,12,1,0
BRDA:278,13,0,0
BRDA:278,13,1,0
BRDA:278,14,0,0
BRDA:278,14,1,0
BRDA:288,15,0,0
BRDA:288,15,1,0
BRDA:288,16,0,0
BRDA:288,16,1,0
BRDA:310,17,0,0
BRDA:310,17,1,0
BRDA:336,18,0,0
BRDA:336,18,1,0
BRDA:336,19,0,0
BRDA:336,19,1,0
BRDA:337,20,0,0
BRDA:337,20,1,0
BRDA:344,21,0,0
BRDA:344,21,1,0
BRDA:360,22,0,0
BRDA:360,22,1,0
BRDA:360,23,0,0
BRDA:360,23,1,0
BRDA:366,24,0,0
BRDA:366,24,1,0
BRDA:394,25,0,0
BRDA:398,26,0,0
BRDA:398,26,1,0
BRDA:412,27,0,0
BRDA:412,27,1,0
BRF:53
BRH:0
end_of_record
TN:
SF:api/src/routes/chat.routes.js
FN:22,initializeChatRoutes
FN:37,(anonymous_1)
FN:67,(anonymous_2)
FN:133,(anonymous_3)
FN:137,(anonymous_4)
FN:212,(anonymous_5)
FN:237,(anonymous_6)
FN:262,(anonymous_7)
FN:286,(anonymous_8)
FN:313,(anonymous_9)
FN:368,(anonymous_10)
FN:394,(anonymous_11)
FN:418,generateAIResponse
FN:482,(anonymous_13)
FNF:14
FNH:0
FNDA:0,initializeChatRoutes
FNDA:0,(anonymous_1)
FNDA:0,(anonymous_2)
FNDA:0,(anonymous_3)
FNDA:0,(anonymous_4)
FNDA:0,(anonymous_5)
FNDA:0,(anonymous_6)
FNDA:0,(anonymous_7)
FNDA:0,(anonymous_8)
FNDA:0,(anonymous_9)
FNDA:0,(anonymous_10)
FNDA:0,(anonymous_11)
FNDA:0,generateAIResponse
FNDA:0,(anonymous_13)
DA:6,0
DA:7,0
DA:9,0
DA:12,0
DA:13,0
DA:14,0
DA:15,0
DA:16,0
DA:23,0
DA:26,0
DA:27,0
DA:28,0
DA:30,0
DA:32,0
DA:33,0
DA:34,0
DA:36,0
DA:38,0
DA:39,0
DA:40,0
DA:41,0
DA:45,0
DA:49,0
DA:50,0
DA:51,0
DA:53,0
DA:67,0
DA:68,0
DA:69,0
DA:71,0
DA:72,0
DA:79,0
DA:80,0
DA:81,0
DA:82,0
DA:86,0
DA:91,0
DA:95,0
DA:96,0
DA:102,0
DA:109,0
DA:110,0
DA:113,0
DA:114,0
DA:115,0
DA:118,0
DA:124,0
DA:129,0
DA:131,0
DA:133,0
DA:137,0
DA:144,0
DA:150,0
DA:153,0
DA:160,0
DA:167,0
DA:175,0
DA:177,0
DA:192,0
DA:195,0
DA:200,0
DA:212,0
DA:213,0
DA:214,0
DA:217,0
DA:225,0
DA:226,0
DA:237,0
DA:238,0
DA:239,0
DA:242,0
DA:250,0
DA:251,0
DA:262,0
DA:263,0
DA:264,0
DA:267,0
DA:274,0
DA:275,0
DA:286,0
DA:287,0
DA:289,0
DA:298,0
DA:301,0
DA:302,0
DA:313,0
DA:314,0
DA:315,0
DA:317,0
DA:318,0
DA:324,0
DA:325,0
DA:331,0
DA:334,0
DA:339,0
DA:341,0
DA:346,0
DA:355,0
DA:356,0
DA:368,0
DA:369,0
DA:370,0
DA:373,0
DA:379,0
DA:382,0
DA:383,0
DA:394,0
DA:395,0
DA:396,0
DA:404,0
DA:407,0
DA:408,0
DA:419,0
DA:420,0
DA:424,0
DA:427,0
DA:428,0
DA:430,0
DA:440,0
DA:441,0
DA:443,0
DA:451,0
DA:454,0
DA:461,0
DA:463,0
DA:464,0
DA:465,0
DA:466,0
DA:473,0
DA:474,0
DA:476,0
DA:477,0
DA:480,0
DA:483,0
DA:484,0
DA:488,0
DA:490,0
DA:494,0
DA:498,0
LF:139
LH:0
BRDA:26,0,0,0
BRDA:26,0,1,0
BRDA:37,1,0,0
BRDA:37,2,0,0
BRDA:40,3,0,0
BRDA:40,3,1,0
BRDA:50,4,0,0
BRDA:50,4,1,0
BRDA:59,5,0,0
BRDA:59,5,1,0
BRDA:69,6,0,0
BRDA:69,7,0,0
BRDA:79,8,0,0
BRDA:79,8,1,0
BRDA:88,9,0,0
BRDA:88,9,1,0
BRDA:95,10,0,0
BRDA:95,10,1,0
BRDA:95,11,0,0
BRDA:95,11,1,0
BRDA:106,12,0,0
BRDA:106,12,1,0
BRDA:113,13,0,0
BRDA:113,13,1,0
BRDA:113,14,0,0
BRDA:113,14,1,0
BRDA:126,15,0,0
BRDA:126,15,1,0
BRDA:129,16,0,0
BRDA:129,16,1,0
BRDA:129,17,0,0
BRDA:129,17,1,0
BRDA:129,17,2,0
BRDA:133,18,0,0
BRDA:133,18,1,0
BRDA:133,18,2,0
BRDA:138,19,0,0
BRDA:138,19,1,0
BRDA:138,19,2,0
BRDA:139,20,0,0
BRDA:139,20,1,0
BRDA:140,21,0,0
BRDA:140,21,1,0
BRDA:140,21,2,0
BRDA:141,22,0,0
BRDA:141,22,1,0
BRDA:141,22,2,0
BRDA:141,22,3,0
BRDA:161,23,0,0
BRDA:161,23,1,0
BRDA:162,24,0,0
BRDA:162,24,1,0
BRDA:163,25,0,0
BRDA:163,25,1,0
BRDA:164,26,0,0
BRDA:164,26,1,0
BRDA:169,27,0,0
BRDA:169,27,1,0
BRDA:178,28,0,0
BRDA:178,28,1,0
BRDA:181,29,0,0
BRDA:181,29,1,0
BRDA:187,30,0,0
BRDA:187,30,1,0
BRDA:239,31,0,0
BRDA:239,32,0,0
BRDA:315,33,0,0
BRDA:315,34,0,0
BRDA:317,35,0,0
BRDA:317,35,1,0
BRDA:317,36,0,0
BRDA:317,36,1,0
BRDA:324,37,0,0
BRDA:324,37,1,0
BRDA:343,38,0,0
BRDA:343,38,1,0
BRDA:348,39,0,0
BRDA:348,39,1,0
BRDA:349,40,0,0
BRDA:349,40,1,0
BRDA:419,41,0,0
BRDA:419,41,1,0
BRDA:419,42,0,0
BRDA:419,42,1,0
BRDA:422,43,0,0
BRDA:422,43,1,0
BRDA:431,44,0,0
BRDA:431,44,1,0
BRDA:448,45,0,0
BRDA:448,45,1,0
BRDA:463,46,0,0
BRDA:463,46,1,0
BRDA:465,47,0,0
BRDA:465,47,1,0
BRDA:474,48,0,0
BRDA:474,48,1,0
BRDA:476,49,0,0
BRDA:476,49,1,0
BRDA:483,50,0,0
BRDA:483,50,1,0
BRDA:484,51,0,0
BRDA:484,51,1,0
BRDA:484,52,0,0
BRDA:484,52,1,0
BRF:104
BRH:0
end_of_record
TN:
SF:api/src/routes/content.routes.js
FN:26,createRoutes
FN:43,(anonymous_1)
FN:55,(anonymous_2)
FN:61,(anonymous_3)
FN:81,(anonymous_4)
FN:82,(anonymous_5)
FN:85,(anonymous_6)
FN:86,(anonymous_7)
FN:87,(anonymous_8)
FN:88,(anonymous_9)
FN:91,(anonymous_10)
FN:92,(anonymous_11)
FN:93,(anonymous_12)
FN:96,(anonymous_13)
FN:97,(anonymous_14)
FN:100,(anonymous_15)
FN:104,(anonymous_16)
FN:108,(anonymous_17)
FN:109,(anonymous_18)
FN:110,(anonymous_19)
FN:124,(anonymous_20)
FN:183,(anonymous_21)
FN:225,(anonymous_22)
FN:227,(anonymous_23)
FN:235,(anonymous_24)
FN:360,(anonymous_25)
FN:411,(anonymous_26)
FN:448,(anonymous_27)
FN:478,(anonymous_28)
FN:506,(anonymous_29)
FN:525,(anonymous_30)
FNF:31
FNH:0
FNDA:0,createRoutes
FNDA:0,(anonymous_1)
FNDA:0,(anonymous_2)
FNDA:0,(anonymous_3)
FNDA:0,(anonymous_4)
FNDA:0,(anonymous_5)
FNDA:0,(anonymous_6)
FNDA:0,(anonymous_7)
FNDA:0,(anonymous_8)
FNDA:0,(anonymous_9)
FNDA:0,(anonymous_10)
FNDA:0,(anonymous_11)
FNDA:0,(anonymous_12)
FNDA:0,(anonymous_13)
FNDA:0,(anonymous_14)
FNDA:0,(anonymous_15)
FNDA:0,(anonymous_16)
FNDA:0,(anonymous_17)
FNDA:0,(anonymous_18)
FNDA:0,(anonymous_19)
FNDA:0,(anonymous_20)
FNDA:0,(anonymous_21)
FNDA:0,(anonymous_22)
FNDA:0,(anonymous_23)
FNDA:0,(anonymous_24)
FNDA:0,(anonymous_25)
FNDA:0,(anonymous_26)
FNDA:0,(anonymous_27)
FNDA:0,(anonymous_28)
FNDA:0,(anonymous_29)
FNDA:0,(anonymous_30)
DA:6,0
DA:27,0
DA:30,0
DA:31,0
DA:32,0
DA:33,0
DA:43,0
DA:44,0
DA:45,0
DA:46,0
DA:47,0
DA:48,0
DA:49,0
DA:51,0
DA:55,0
DA:56,0
DA:57,0
DA:61,0
DA:62,0
DA:63,0
DA:64,0
DA:65,0
DA:67,0
DA:77,0
DA:81,0
DA:82,0
DA:85,0
DA:88,0
DA:91,0
DA:92,0
DA:93,0
DA:96,0
DA:97,0
DA:101,0
DA:102,0
DA:105,0
DA:106,0
DA:108,0
DA:109,0
DA:110,0
DA:112,0
DA:115,0
DA:124,0
DA:125,0
DA:126,0
DA:128,0
DA:129,0
DA:136,0
DA:139,0
DA:147,0
DA:158,0
DA:174,0
DA:183,0
DA:184,0
DA:185,0
DA:187,0
DA:188,0
DA:195,0
DA:203,0
DA:216,0
DA:225,0
DA:226,0
DA:227,0
DA:228,0
DA:229,0
DA:230,0
DA:232,0
DA:233,0
DA:236,0
DA:237,0
DA:238,0
DA:239,0
DA:240,0
DA:241,0
DA:242,0
DA:243,0
DA:244,0
DA:246,0
DA:247,0
DA:248,0
DA:249,0
DA:252,0
DA:253,0
DA:254,0
DA:262,0
DA:269,0
DA:270,0
DA:278,0
DA:291,0
DA:294,0
DA:300,0
DA:303,0
DA:306,0
DA:314,0
DA:322,0
DA:334,0
DA:351,0
DA:360,0
DA:361,0
DA:362,0
DA:363,0
DA:369,0
DA:372,0
DA:380,0
DA:388,0
DA:402,0
DA:411,0
DA:412,0
DA:413,0
DA:415,0
DA:416,0
DA:422,0
DA:424,0
DA:432,0
DA:434,0
DA:440,0
DA:448,0
DA:449,0
DA:451,0
DA:452,0
DA:458,0
DA:466,0
DA:478,0
DA:479,0
DA:480,0
DA:481,0
DA:483,0
DA:484,0
DA:490,0
DA:498,0
DA:506,0
DA:507,0
DA:508,0
DA:509,0
DA:511,0
DA:517,0
DA:525,0
DA:526,0
DA:527,0
DA:529,0
DA:536,0
DA:543,0
DA:546,0
LF:143
LH:0
BRDA:26,0,0,0
BRDA:26,1,0,0
BRDA:30,2,0,0
BRDA:30,2,1,0
BRDA:45,3,0,0
BRDA:45,3,1,0
BRDA:64,4,0,0
BRDA:64,4,1,0
BRDA:72,5,0,0
BRDA:72,5,1,0
BRDA:77,6,0,0
BRDA:77,6,1,0
BRDA:80,7,0,0
BRDA:84,8,0,0
BRDA:90,9,0,0
BRDA:95,10,0,0
BRDA:99,11,0,0
BRDA:116,12,0,0
BRDA:116,12,1,0
BRDA:117,13,0,0
BRDA:117,13,1,0
BRDA:118,14,0,0
BRDA:118,14,1,0
BRDA:119,15,0,0
BRDA:119,15,1,0
BRDA:120,16,0,0
BRDA:120,16,1,0
BRDA:126,17,0,0
BRDA:126,18,0,0
BRDA:126,19,0,0
BRDA:128,20,0,0
BRDA:128,20,1,0
BRDA:150,21,0,0
BRDA:150,21,1,0
BRDA:185,22,0,0
BRDA:185,23,0,0
BRDA:185,24,0,0
BRDA:187,25,0,0
BRDA:187,25,1,0
BRDA:209,26,0,0
BRDA:209,26,1,0
BRDA:228,27,0,0
BRDA:228,27,1,0
BRDA:242,28,0,0
BRDA:242,28,1,0
BRDA:246,29,0,0
BRDA:246,29,1,0
BRDA:252,30,0,0
BRDA:252,30,1,0
BRDA:300,31,0,0
BRDA:300,32,0,0
BRDA:300,33,0,0
BRDA:362,34,0,0
BRDA:362,34,1,0
BRDA:369,35,0,0
BRDA:369,36,0,0
BRDA:369,37,0,0
BRDA:413,38,0,0
BRDA:413,39,0,0
BRDA:413,40,0,0
BRDA:415,41,0,0
BRDA:415,41,1,0
BRDA:455,42,0,0
BRDA:455,42,1,0
BRDA:483,43,0,0
BRDA:483,43,1,0
BRDA:513,44,0,0
BRDA:513,44,1,0
BRF:68
BRH:0
end_of_record
TN:
SF:api/src/routes/docs.routes.js
FN:45,(anonymous_0)
FN:52,(anonymous_1)
FN:146,(anonymous_2)
FN:151,(anonymous_3)
FN:166,(anonymous_4)
FN:171,(anonymous_5)
FN:186,(anonymous_6)
FN:191,(anonymous_7)
FN:197,(anonymous_8)
FN:215,(anonymous_9)
FN:233,(anonymous_10)
FNF:11
FNH:0
FNDA:0,(anonymous_0)
FNDA:0,(anonymous_1)
FNDA:0,(anonymous_2)
FNDA:0,(anonymous_3)
FNDA:0,(anonymous_4)
FNDA:0,(anonymous_5)
FNDA:0,(anonymous_6)
FNDA:0,(anonymous_7)
FNDA:0,(anonymous_8)
FNDA:0,(anonymous_9)
FNDA:0,(anonymous_10)
DA:6,0
DA:7,0
DA:8,0
DA:9,0
DA:10,0
DA:11,0
DA:15,0
DA:16,0
DA:17,0
DA:18,0
DA:20,0
DA:21,0
DA:33,0
DA:47,0
DA:48,0
DA:50,0
DA:54,0
DA:55,0
DA:61,0
DA:142,0
DA:143,0
DA:146,0
DA:147,0
DA:148,0
DA:151,0
DA:152,0
DA:153,0
DA:154,0
DA:155,0
DA:156,0
DA:158,0
DA:166,0
DA:167,0
DA:168,0
DA:171,0
DA:172,0
DA:173,0
DA:174,0
DA:175,0
DA:176,0
DA:178,0
DA:186,0
DA:187,0
DA:191,0
DA:192,0
DA:193,0
DA:197,0
DA:198,0
DA:215,0
DA:216,0
DA:233,0
DA:234,0
DA:362,0
LF:53
LH:0
BRDA:47,0,0,0
BRDA:47,0,1,0
BRDA:47,1,0,0
BRDA:47,1,1,0
BRDA:54,2,0,0
BRDA:54,2,1,0
BRDA:203,3,0,0
BRDA:203,3,1,0
BRDA:204,4,0,0
BRDA:204,4,1,0
BRDA:221,5,0,0
BRDA:221,5,1,0
BRDA:222,6,0,0
BRDA:222,6,1,0
BRF:14
BRH:0
end_of_record
TN:
SF:api/src/routes/documents.routes.js
FN:23,createRoutes
FN:29,(anonymous_1)
FN:30,(anonymous_2)
FN:31,(anonymous_3)
FN:32,(anonymous_4)
FN:35,(anonymous_5)
FN:36,(anonymous_6)
FN:41,(anonymous_7)
FN:51,(anonymous_8)
FN:82,(anonymous_9)
FN:114,(anonymous_10)
FN:170,(anonymous_11)
FNF:12
FNH:0
FNDA:0,createRoutes
FNDA:0,(anonymous_1)
FNDA:0,(anonymous_2)
FNDA:0,(anonymous_3)
FNDA:0,(anonymous_4)
FNDA:0,(anonymous_5)
FNDA:0,(anonymous_6)
FNDA:0,(anonymous_7)
FNDA:0,(anonymous_8)
FNDA:0,(anonymous_9)
FNDA:0,(anonymous_10)
FNDA:0,(anonymous_11)
DA:6,0
DA:24,0
DA:29,0
DA:30,0
DA:31,0
DA:32,0
DA:35,0
DA:36,0
DA:38,0
DA:41,0
DA:42,0
DA:43,0
DA:51,0
DA:52,0
DA:53,0
DA:55,0
DA:60,0
DA:61,0
DA:67,0
DA:73,0
DA:82,0
DA:83,0
DA:84,0
DA:85,0
DA:87,0
DA:89,0
DA:94,0
DA:105,0
DA:114,0
DA:115,0
DA:122,0
DA:124,0
DA:125,0
DA:133,0
DA:134,0
DA:141,0
DA:148,0
DA:161,0
DA:170,0
DA:171,0
DA:172,0
DA:174,0
DA:176,0
DA:177,0
DA:183,0
DA:190,0
DA:198,0
DA:202,0
DA:204,0
DA:205,0
LF:50
LH:0
BRDA:23,0,0,0
BRDA:28,1,0,0
BRDA:34,2,0,0
BRDA:60,3,0,0
BRDA:60,3,1,0
BRDA:85,4,0,0
BRDA:85,5,0,0
BRDA:100,6,0,0
BRDA:100,6,1,0
BRDA:118,7,0,0
BRDA:119,8,0,0
BRDA:120,9,0,0
BRDA:121,10,0,0
BRDA:124,11,0,0
BRDA:124,11,1,0
BRDA:133,12,0,0
BRDA:133,12,1,0
BRDA:152,13,0,0
BRDA:152,13,1,0
BRDA:154,14,0,0
BRDA:154,14,1,0
BRDA:155,15,0,0
BRDA:155,15,1,0
BRDA:176,16,0,0
BRDA:176,16,1,0
BRF:25
BRH:0
end_of_record
TN:
SF:api/src/routes/health.routes.js
FN:27,(anonymous_0)
FN:42,(anonymous_1)
FN:49,(anonymous_2)
FN:56,(anonymous_3)
FN:129,(anonymous_4)
FN:166,(anonymous_5)
FN:199,(anonymous_6)
FN:210,initializeHealthRoutes
FNF:8
FNH:0
FNDA:0,(anonymous_0)
FNDA:0,(anonymous_1)
FNDA:0,(anonymous_2)
FNDA:0,(anonymous_3)
FNDA:0,(anonymous_4)
FNDA:0,(anonymous_5)
FNDA:0,(anonymous_6)
FNDA:0,initializeHealthRoutes
DA:6,0
DA:7,0
DA:10,0
DA:25,0
DA:27,0
DA:28,0
DA:29,0
DA:33,0
DA:34,0
DA:42,0
DA:43,0
DA:44,0
DA:46,0
DA:49,0
DA:50,0
DA:51,0
DA:53,0
DA:56,0
DA:57,0
DA:59,0
DA:60,0
DA:62,0
DA:72,0
DA:73,0
DA:74,0
DA:76,0
DA:80,0
DA:81,0
DA:82,0
DA:83,0
DA:85,0
DA:86,0
DA:87,0
DA:89,0
DA:90,0
DA:92,0
DA:95,0
DA:112,0
DA:113,0
DA:114,0
DA:117,0
DA:118,0
DA:129,0
DA:130,0
DA:131,0
DA:132,0
DA:135,0
DA:138,0
DA:153,0
DA:154,0
DA:157,0
DA:158,0
DA:166,0
DA:167,0
DA:168,0
DA:169,0
DA:172,0
DA:175,0
DA:186,0
DA:187,0
DA:190,0
DA:191,0
DA:199,0
DA:200,0
DA:211,0
DA:214,0
LF:66
LH:0
BRDA:28,0,0,0
BRDA:28,0,1,0
BRDA:43,1,0,0
BRDA:43,1,1,0
BRDA:50,2,0,0
BRDA:50,2,1,0
BRDA:74,3,0,0
BRDA:74,3,1,0
BRDA:85,4,0,0
BRDA:85,4,1,0
BRDA:86,5,0,0
BRDA:86,5,1,0
BRDA:86,6,0,0
BRDA:86,6,1,0
BRDA:86,7,0,0
BRDA:86,7,1,0
BRDA:87,8,0,0
BRDA:87,8,1,0
BRDA:89,9,0,0
BRDA:89,9,1,0
BRDA:90,10,0,0
BRDA:90,10,1,0
BRDA:98,11,0,0
BRDA:98,11,1,0
BRDA:112,12,0,0
BRDA:112,12,1,0
BRDA:141,13,0,0
BRDA:141,13,1,0
BRDA:142,14,0,0
BRDA:142,14,1,0
BRDA:143,15,0,0
BRDA:143,15,1,0
BRDA:144,16,0,0
BRDA:144,16,1,0
BRDA:145,17,0,0
BRDA:145,17,1,0
BRDA:147,18,0,0
BRDA:147,18,1,0
BRDA:148,19,0,0
BRDA:148,19,1,0
BRDA:177,20,0,0
BRDA:177,20,1,0
BRDA:178,21,0,0
BRDA:178,21,1,0
BRDA:179,22,0,0
BRDA:179,22,1,0
BRDA:180,23,0,0
BRDA:180,23,1,0
BRDA:181,24,0,0
BRDA:181,24,1,0
BRDA:182,25,0,0
BRDA:182,25,1,0
BRF:52
BRH:0
end_of_record
TN:
SF:api/src/routes/index.js
FN:26,setupRoutes
FN:70,(anonymous_1)
FN:92,(anonymous_2)
FN:101,(anonymous_3)
FN:108,(anonymous_4)
FN:115,(anonymous_5)
FN:131,(anonymous_6)
FN:139,(anonymous_7)
FN:145,(anonymous_8)
FN:151,(anonymous_9)
FN:157,(anonymous_10)
FN:176,(anonymous_11)
FN:182,(anonymous_12)
FN:229,(anonymous_13)
FN:342,(anonymous_14)
FN:395,getRouteStats
FNF:16
FNH:0
FNDA:0,setupRoutes
FNDA:0,(anonymous_1)
FNDA:0,(anonymous_2)
FNDA:0,(anonymous_3)
FNDA:0,(anonymous_4)
FNDA:0,(anonymous_5)
FNDA:0,(anonymous_6)
FNDA:0,(anonymous_7)
FNDA:0,(anonymous_8)
FNDA:0,(anonymous_9)
FNDA:0,(anonymous_10)
FNDA:0,(anonymous_11)
FNDA:0,(anonymous_12)
FNDA:0,(anonymous_13)
FNDA:0,(anonymous_14)
FNDA:0,getRouteStats
DA:6,0
DA:7,0
DA:10,0
DA:11,0
DA:12,0
DA:13,0
DA:14,0
DA:15,0
DA:16,0
DA:17,0
DA:18,0
DA:19,0
DA:27,0
DA:30,0
DA:32,0
DA:33,0
DA:34,0
DA:37,0
DA:38,0
DA:39,0
DA:41,0
DA:43,0
DA:46,0
DA:47,0
DA:48,0
DA:52,0
DA:53,0
DA:60,0
DA:61,0
DA:62,0
DA:63,0
DA:66,0
DA:67,0
DA:68,0
DA:69,0
DA:70,0
DA:71,0
DA:73,0
DA:74,0
DA:75,0
DA:79,0
DA:80,0
DA:83,0
DA:87,0
DA:88,0
DA:89,0
DA:90,0
DA:91,0
DA:93,0
DA:94,0
DA:95,0
DA:96,0
DA:98,0
DA:99,0
DA:100,0
DA:101,0
DA:104,0
DA:105,0
DA:106,0
DA:107,0
DA:108,0
DA:110,0
DA:116,0
DA:117,0
DA:118,0
DA:120,0
DA:121,0
DA:122,0
DA:127,0
DA:128,0
DA:132,0
DA:137,0
DA:140,0
DA:141,0
DA:146,0
DA:147,0
DA:152,0
DA:153,0
DA:158,0
DA:159,0
DA:163,0
DA:164,0
DA:169,0
DA:170,0
DA:173,0
DA:176,0
DA:177,0
DA:179,0
DA:182,0
DA:183,0
DA:184,0
DA:187,0
DA:189,0
DA:190,0
DA:191,0
DA:192,0
DA:195,0
DA:198,0
DA:202,0
DA:205,0
DA:206,0
DA:207,0
DA:210,0
DA:211,0
DA:212,0
DA:213,0
DA:215,0
DA:216,0
DA:217,0
DA:218,0
DA:219,0
DA:220,0
DA:223,0
DA:226,0
DA:229,0
DA:230,0
DA:342,0
DA:343,0
DA:349,0
DA:350,0
DA:362,0
DA:368,0
DA:377,0
DA:383,0
DA:387,0
DA:396,0
DA:412,0
LF:127
LH:0
BRDA:70,0,0,0
BRDA:70,0,1,0
BRDA:88,1,0,0
BRDA:88,1,1,0
BRDA:90,2,0,0
BRDA:90,2,1,0
BRDA:92,3,0,0
BRDA:96,4,0,0
BRDA:96,5,0,0
BRDA:99,6,0,0
BRDA:99,6,1,0
BRDA:115,7,0,0
BRDA:118,8,0,0
BRDA:118,9,0,0
BRDA:139,10,0,0
BRDA:139,11,0,0
BRDA:145,12,0,0
BRDA:145,13,0,0
BRDA:151,14,0,0
BRDA:157,15,0,0
BRDA:167,16,0,0
BRDA:167,16,1,0
BRDA:189,17,0,0
BRDA:189,17,1,0
BRDA:343,18,0,0
BRDA:343,18,1,0
BRDA:343,18,2,0
BRDA:343,18,3,0
BRDA:343,18,4,0
BRDA:349,19,0,0
BRDA:349,19,1,0
BRDA:356,20,0,0
BRDA:356,20,1,0
BRF:33
BRH:0
end_of_record
TN:
SF:api/src/routes/openwebui.routes.js
FN:15,(anonymous_0)
FN:20,(anonymous_1)
FN:42,(anonymous_2)
FN:74,(anonymous_3)
FN:105,(anonymous_4)
FN:117,(anonymous_5)
FN:156,(anonymous_6)
FN:178,(anonymous_7)
FN:218,(anonymous_8)
FN:274,(anonymous_9)
FN:330,(anonymous_10)
FN:434,(anonymous_11)
FN:449,(anonymous_12)
FN:457,(anonymous_13)
FN:561,executeRagPipeline
FN:604,(anonymous_15)
FN:608,(anonymous_16)
FN:633,(anonymous_17)
FN:669,(anonymous_18)
FN:698,(anonymous_19)
FN:708,(anonymous_20)
FN:736,performRAGSearch
FN:762,generateRAGResponse
FN:802,formatRAGContext
FNF:24
FNH:0
FNDA:0,(anonymous_0)
FNDA:0,(anonymous_1)
FNDA:0,(anonymous_2)
FNDA:0,(anonymous_3)
FNDA:0,(anonymous_4)
FNDA:0,(anonymous_5)
FNDA:0,(anonymous_6)
FNDA:0,(anonymous_7)
FNDA:0,(anonymous_8)
FNDA:0,(anonymous_9)
FNDA:0,(anonymous_10)
FNDA:0,(anonymous_11)
FNDA:0,(anonymous_12)
FNDA:0,(anonymous_13)
FNDA:0,executeRagPipeline
FNDA:0,(anonymous_15)
FNDA:0,(anonymous_16)
FNDA:0,(anonymous_17)
FNDA:0,(anonymous_18)
FNDA:0,(anonymous_19)
FNDA:0,(anonymous_20)
FNDA:0,performRAGSearch
FNDA:0,generateRAGResponse
FNDA:0,formatRAGContext
DA:6,0
DA:7,0
DA:8,0
DA:9,0
DA:10,0
DA:12,0
DA:15,0
DA:16,0
DA:20,0
DA:21,0
DA:32,0
DA:36,0
DA:39,0
DA:42,0
DA:43,0
DA:44,0
DA:45,0
DA:47,0
DA:49,0
DA:58,0
DA:59,0
DA:69,0
DA:70,0
DA:74,0
DA:75,0
DA:76,0
DA:79,0
DA:105,0
DA:106,0
DA:108,0
DA:109,0
DA:117,0
DA:118,0
DA:119,0
DA:120,0
DA:122,0
DA:123,0
DA:129,0
DA:135,0
DA:136,0
DA:137,0
DA:141,0
DA:143,0
DA:144,0
DA:152,0
DA:154,0
DA:156,0
DA:168,0
DA:169,0
DA:178,0
DA:179,0
DA:180,0
DA:182,0
DA:183,0
DA:189,0
DA:190,0
DA:191,0
DA:193,0
DA:209,0
DA:210,0
DA:218,0
DA:219,0
DA:221,0
DA:260,0
DA:265,0
DA:266,0
DA:274,0
DA:275,0
DA:277,0
DA:316,0
DA:321,0
DA:322,0
DA:330,0
DA:331,0
DA:332,0
DA:334,0
DA:337,0
DA:339,0
DA:340,0
DA:343,0
DA:345,0
DA:347,0
DA:348,0
DA:349,0
DA:350,0
DA:352,0
DA:364,0
DA:365,0
DA:366,0
DA:369,0
DA:389,0
DA:393,0
DA:394,0
DA:398,0
DA:405,0
DA:407,0
DA:408,0
DA:409,0
DA:410,0
DA:412,0
DA:413,0
DA:415,0
DA:416,0
DA:418,0
DA:423,0
DA:424,0
DA:434,0
DA:435,0
DA:449,0
DA:450,0
DA:457,0
DA:458,0
DA:459,0
DA:460,0
DA:462,0
DA:465,0
DA:467,0
DA:468,0
DA:471,0
DA:473,0
DA:475,0
DA:476,0
DA:477,0
DA:478,0
DA:480,0
DA:492,0
DA:493,0
DA:494,0
DA:497,0
DA:517,0
DA:521,0
DA:522,0
DA:526,0
DA:533,0
DA:534,0
DA:535,0
DA:536,0
DA:537,0
DA:539,0
DA:540,0
DA:542,0
DA:543,0
DA:545,0
DA:550,0
DA:551,0
DA:562,0
DA:564,0
DA:566,0
DA:567,0
DA:571,0
DA:574,0
DA:575,0
DA:577,0
DA:578,0
DA:587,0
DA:588,0
DA:589,0
DA:590,0
DA:593,0
DA:596,0
DA:597,0
DA:598,0
DA:602,0
DA:603,0
DA:605,0
DA:606,0
DA:608,0
DA:613,0
DA:617,0
DA:622,0
DA:623,0
DA:624,0
DA:628,0
DA:629,0
DA:633,0
DA:634,0
DA:647,0
DA:657,0
DA:659,0
DA:666,0
DA:669,0
DA:677,0
DA:678,0
DA:684,0
DA:698,0
DA:699,0
DA:708,0
DA:709,0
DA:711,0
DA:713,0
DA:726,0
DA:727,0
DA:737,0
DA:739,0
DA:740,0
DA:745,0
DA:749,0
DA:750,0
DA:753,0
DA:756,0
DA:757,0
DA:763,0
DA:764,0
DA:766,0
DA:769,0
DA:771,0
DA:783,0
DA:793,0
DA:796,0
DA:797,0
DA:803,0
DA:804,0
DA:807,0
DA:808,0
DA:810,0
DA:811,0
DA:812,0
DA:814,0
DA:815,0
DA:816,0
DA:818,0
DA:819,0
DA:822,0
DA:823,0
DA:824,0
DA:827,0
DA:829,0
DA:830,0
DA:833,0
DA:836,0
DA:838,0
DA:841,0
LF:232
LH:0
BRDA:27,0,0,0
BRDA:27,0,1,0
BRDA:47,1,0,0
BRDA:47,1,1,0
BRDA:47,1,2,0
BRDA:50,2,0,0
BRDA:50,2,1,0
BRDA:51,3,0,0
BRDA:51,3,1,0
BRDA:52,4,0,0
BRDA:52,4,1,0
BRDA:53,5,0,0
BRDA:53,5,1,0
BRDA:58,6,0,0
BRDA:58,6,1,0
BRDA:63,7,0,0
BRDA:63,7,1,0
BRDA:120,8,0,0
BRDA:120,9,0,0
BRDA:122,10,0,0
BRDA:122,10,1,0
BRDA:136,11,0,0
BRDA:136,11,1,0
BRDA:143,12,0,0
BRDA:143,12,1,0
BRDA:143,13,0,0
BRDA:143,13,1,0
BRDA:157,14,0,0
BRDA:157,14,1,0
BRDA:158,15,0,0
BRDA:158,15,1,0
BRDA:182,16,0,0
BRDA:182,16,1,0
BRDA:190,17,0,0
BRDA:190,17,1,0
BRDA:191,18,0,0
BRDA:191,18,1,0
BRDA:196,19,0,0
BRDA:196,19,1,0
BRDA:196,20,0,0
BRDA:196,20,1,0
BRDA:332,21,0,0
BRDA:334,22,0,0
BRDA:334,22,1,0
BRDA:337,23,0,0
BRDA:337,23,1,0
BRDA:340,24,0,0
BRDA:340,24,1,0
BRDA:345,25,0,0
BRDA:345,25,1,0
BRDA:384,26,0,0
BRDA:384,26,1,0
BRDA:385,27,0,0
BRDA:385,27,1,0
BRDA:405,28,0,0
BRDA:405,28,1,0
BRDA:441,29,0,0
BRDA:441,29,1,0
BRDA:460,30,0,0
BRDA:462,31,0,0
BRDA:462,31,1,0
BRDA:465,32,0,0
BRDA:465,32,1,0
BRDA:468,33,0,0
BRDA:468,33,1,0
BRDA:473,34,0,0
BRDA:473,34,1,0
BRDA:512,35,0,0
BRDA:512,35,1,0
BRDA:513,36,0,0
BRDA:513,36,1,0
BRDA:533,37,0,0
BRDA:533,37,1,0
BRDA:566,38,0,0
BRDA:566,38,1,0
BRDA:566,39,0,0
BRDA:566,39,1,0
BRDA:566,39,2,0
BRDA:588,40,0,0
BRDA:588,40,1,0
BRDA:597,41,0,0
BRDA:597,41,1,0
BRDA:604,42,0,0
BRDA:605,43,0,0
BRDA:610,44,0,0
BRDA:610,44,1,0
BRDA:610,44,2,0
BRDA:611,45,0,0
BRDA:611,45,1,0
BRDA:618,46,0,0
BRDA:618,46,1,0
BRDA:622,47,0,0
BRDA:622,47,1,0
BRDA:623,48,0,0
BRDA:623,48,1,0
BRDA:633,49,0,0
BRDA:633,49,1,0
BRDA:634,50,0,0
BRDA:634,50,1,0
BRDA:653,51,0,0
BRDA:653,51,1,0
BRDA:654,52,0,0
BRDA:654,52,1,0
BRDA:661,53,0,0
BRDA:661,53,1,0
BRDA:667,54,0,0
BRDA:667,54,1,0
BRDA:668,55,0,0
BRDA:668,55,1,0
BRDA:669,56,0,0
BRDA:669,56,1,0
BRDA:671,57,0,0
BRDA:671,57,1,0
BRDA:739,58,0,0
BRDA:739,58,1,0
BRDA:739,59,0,0
BRDA:739,59,1,0
BRDA:745,60,0,0
BRDA:745,60,1,0
BRDA:749,61,0,0
BRDA:749,61,1,0
BRDA:749,62,0,0
BRDA:749,62,1,0
BRDA:764,63,0,0
BRDA:764,63,1,0
BRDA:764,64,0,0
BRDA:764,64,1,0
BRDA:803,65,0,0
BRDA:803,65,1,0
BRDA:803,66,0,0
BRDA:803,66,1,0
BRDA:812,67,0,0
BRDA:812,67,1,0
BRDA:815,68,0,0
BRDA:815,68,1,0
BRDA:816,69,0,0
BRDA:816,69,1,0
BRDA:818,70,0,0
BRDA:818,70,1,0
BRDA:822,71,0,0
BRDA:822,71,1,0
BRDA:823,72,0,0
BRDA:823,72,1,0
BRDA:827,73,0,0
BRDA:827,73,1,0
BRDA:827,73,2,0
BRDA:829,74,0,0
BRDA:829,74,1,0
BRF:148
BRH:0
end_of_record
TN:
SF:api/src/routes/pipeline.routes.js
FN:22,(anonymous_0)
FN:35,(anonymous_1)
FN:49,(anonymous_2)
FN:76,(anonymous_3)
FN:86,(anonymous_4)
FN:92,(anonymous_5)
FN:103,broadcastToSSEClients
FN:107,(anonymous_7)
FNF:8
FNH:0
FNDA:0,(anonymous_0)
FNDA:0,(anonymous_1)
FNDA:0,(anonymous_2)
FNDA:0,(anonymous_3)
FNDA:0,(anonymous_4)
FNDA:0,(anonymous_5)
FNDA:0,broadcastToSSEClients
FNDA:0,(anonymous_7)
DA:6,0
DA:7,0
DA:17,0
DA:22,0
DA:23,0
DA:35,0
DA:36,0
DA:37,0
DA:39,0
DA:46,0
DA:49,0
DA:50,0
DA:51,0
DA:54,0
DA:65,0
DA:68,0
DA:76,0
DA:77,0
DA:78,0
DA:86,0
DA:87,0
DA:88,0
DA:89,0
DA:92,0
DA:93,0
DA:94,0
DA:95,0
DA:104,0
DA:105,0
DA:107,0
DA:108,0
DA:109,0
DA:110,0
DA:112,0
DA:113,0
DA:116,0
DA:122,0
DA:123,0
LF:38
LH:0
BRDA:40,0,0,0
BRDA:40,0,1,0
BRDA:58,1,0,0
BRDA:58,1,1,0
BRDA:77,2,0,0
BRDA:77,2,1,0
BRDA:104,3,0,0
BRDA:104,3,1,0
BRDA:108,4,0,0
BRDA:108,4,1,0
BRF:10
BRH:0
end_of_record
TN:
SF:api/src/routes/search.routes.js
FN:30,createRoutes
FN:41,(anonymous_1)
FN:45,(anonymous_2)
FN:49,(anonymous_3)
FN:53,(anonymous_4)
FN:59,(anonymous_5)
FN:60,(anonymous_6)
FN:81,(anonymous_7)
FN:82,(anonymous_8)
FN:83,(anonymous_9)
FN:86,(anonymous_10)
FN:87,(anonymous_11)
FN:92,(anonymous_12)
FN:137,(anonymous_13)
FN:213,(anonymous_14)
FN:252,(anonymous_15)
FN:288,(anonymous_16)
FN:324,(anonymous_17)
FN:369,(anonymous_18)
FN:375,(anonymous_19)
FN:425,(anonymous_20)
FN:497,(anonymous_21)
FN:536,(anonymous_22)
FN:567,(anonymous_23)
FN:600,(anonymous_24)
FN:629,(anonymous_25)
FN:669,(anonymous_26)
FN:694,(anonymous_27)
FN:714,(anonymous_28)
FN:721,(anonymous_29)
FNF:30
FNH:0
FNDA:0,createRoutes
FNDA:0,(anonymous_1)
FNDA:0,(anonymous_2)
FNDA:0,(anonymous_3)
FNDA:0,(anonymous_4)
FNDA:0,(anonymous_5)
FNDA:0,(anonymous_6)
FNDA:0,(anonymous_7)
FNDA:0,(anonymous_8)
FNDA:0,(anonymous_9)
FNDA:0,(anonymous_10)
FNDA:0,(anonymous_11)
FNDA:0,(anonymous_12)
FNDA:0,(anonymous_13)
FNDA:0,(anonymous_14)
FNDA:0,(anonymous_15)
FNDA:0,(anonymous_16)
FNDA:0,(anonymous_17)
FNDA:0,(anonymous_18)
FNDA:0,(anonymous_19)
FNDA:0,(anonymous_20)
FNDA:0,(anonymous_21)
FNDA:0,(anonymous_22)
FNDA:0,(anonymous_23)
FNDA:0,(anonymous_24)
FNDA:0,(anonymous_25)
FNDA:0,(anonymous_26)
FNDA:0,(anonymous_27)
FNDA:0,(anonymous_28)
FNDA:0,(anonymous_29)
DA:6,0
DA:7,0
DA:31,0
DA:34,0
DA:35,0
DA:42,0
DA:43,0
DA:46,0
DA:47,0
DA:50,0
DA:51,0
DA:54,0
DA:55,0
DA:59,0
DA:61,0
DA:62,0
DA:63,0
DA:65,0
DA:66,0
DA:67,0
DA:68,0
DA:69,0
DA:70,0
DA:71,0
DA:72,0
DA:77,0
DA:78,0
DA:81,0
DA:82,0
DA:83,0
DA:86,0
DA:87,0
DA:89,0
DA:92,0
DA:93,0
DA:98,0
DA:100,0
DA:101,0
DA:107,0
DA:108,0
DA:109,0
DA:116,0
DA:118,0
DA:127,0
DA:128,0
DA:137,0
DA:138,0
DA:147,0
DA:149,0
DA:150,0
DA:156,0
DA:157,0
DA:165,0
DA:166,0
DA:173,0
DA:174,0
DA:180,0
DA:187,0
DA:204,0
DA:213,0
DA:214,0
DA:215,0
DA:217,0
DA:218,0
DA:224,0
DA:230,0
DA:243,0
DA:252,0
DA:253,0
DA:254,0
DA:256,0
DA:257,0
DA:263,0
DA:268,0
DA:279,0
DA:288,0
DA:289,0
DA:290,0
DA:292,0
DA:293,0
DA:299,0
DA:305,0
DA:315,0
DA:324,0
DA:325,0
DA:326,0
DA:327,0
DA:329,0
DA:330,0
DA:336,0
DA:342,0
DA:343,0
DA:349,0
DA:360,0
DA:369,0
DA:370,0
DA:371,0
DA:375,0
DA:376,0
DA:377,0
DA:378,0
DA:381,0
DA:399,0
DA:400,0
DA:402,0
DA:404,0
DA:415,0
DA:416,0
DA:425,0
DA:426,0
DA:427,0
DA:428,0
DA:431,0
DA:459,0
DA:465,0
DA:470,0
DA:471,0
DA:473,0
DA:475,0
DA:486,0
DA:487,0
DA:497,0
DA:498,0
DA:499,0
DA:500,0
DA:501,0
DA:502,0
DA:504,0
DA:505,0
DA:512,0
DA:513,0
DA:515,0
DA:517,0
DA:519,0
DA:526,0
DA:527,0
DA:536,0
DA:537,0
DA:538,0
DA:539,0
DA:541,0
DA:546,0
DA:558,0
DA:567,0
DA:568,0
DA:569,0
DA:570,0
DA:572,0
DA:577,0
DA:578,0
DA:584,0
DA:591,0
DA:600,0
DA:601,0
DA:602,0
DA:604,0
DA:609,0
DA:620,0
DA:629,0
DA:630,0
DA:631,0
DA:633,0
DA:634,0
DA:640,0
DA:643,0
DA:645,0
DA:647,0
DA:648,0
DA:654,0
DA:660,0
DA:669,0
DA:670,0
DA:671,0
DA:673,0
DA:678,0
DA:685,0
DA:694,0
DA:695,0
DA:696,0
DA:698,0
DA:705,0
DA:714,0
DA:715,0
DA:716,0
DA:717,0
DA:721,0
DA:735,0
DA:740,0
DA:747,0
DA:755,0
DA:759,0
DA:761,0
DA:762,0
LF:193
LH:0
BRDA:30,0,0,0
BRDA:34,1,0,0
BRDA:34,1,1,0
BRDA:40,2,0,0
BRDA:41,3,0,0
BRDA:45,4,0,0
BRDA:49,5,0,0
BRDA:53,6,0,0
BRDA:58,7,0,0
BRDA:60,8,0,0
BRDA:67,9,0,0
BRDA:67,9,1,0
BRDA:68,10,0,0
BRDA:68,11,0,0
BRDA:85,12,0,0
BRDA:96,13,0,0
BRDA:97,14,0,0
BRDA:100,15,0,0
BRDA:100,15,1,0
BRDA:108,16,0,0
BRDA:108,16,1,0
BRDA:142,17,0,0
BRDA:143,18,0,0
BRDA:144,19,0,0
BRDA:145,20,0,0
BRDA:146,21,0,0
BRDA:149,22,0,0
BRDA:149,22,1,0
BRDA:156,23,0,0
BRDA:156,23,1,0
BRDA:165,24,0,0
BRDA:165,24,1,0
BRDA:173,25,0,0
BRDA:173,25,1,0
BRDA:191,26,0,0
BRDA:191,26,1,0
BRDA:193,27,0,0
BRDA:193,27,1,0
BRDA:194,28,0,0
BRDA:194,28,1,0
BRDA:198,29,0,0
BRDA:198,29,1,0
BRDA:215,30,0,0
BRDA:215,31,0,0
BRDA:217,32,0,0
BRDA:217,32,1,0
BRDA:234,33,0,0
BRDA:234,33,1,0
BRDA:236,34,0,0
BRDA:236,34,1,0
BRDA:237,35,0,0
BRDA:237,35,1,0
BRDA:254,36,0,0
BRDA:256,37,0,0
BRDA:256,37,1,0
BRDA:271,38,0,0
BRDA:271,38,1,0
BRDA:273,39,0,0
BRDA:273,39,1,0
BRDA:274,40,0,0
BRDA:274,40,1,0
BRDA:290,41,0,0
BRDA:292,42,0,0
BRDA:292,42,1,0
BRDA:308,43,0,0
BRDA:308,43,1,0
BRDA:310,44,0,0
BRDA:310,44,1,0
BRDA:327,45,0,0
BRDA:327,46,0,0
BRDA:329,47,0,0
BRDA:329,47,1,0
BRDA:329,48,0,0
BRDA:329,48,1,0
BRDA:342,49,0,0
BRDA:342,49,1,0
BRDA:342,50,0,0
BRDA:342,50,1,0
BRDA:352,51,0,0
BRDA:352,51,1,0
BRDA:354,52,0,0
BRDA:354,52,1,0
BRDA:377,53,0,0
BRDA:377,54,0,0
BRDA:400,55,0,0
BRDA:400,55,1,0
BRDA:427,56,0,0
BRDA:427,57,0,0
BRDA:470,58,0,0
BRDA:470,58,1,0
BRDA:471,59,0,0
BRDA:471,59,1,0
BRDA:501,60,0,0
BRDA:501,60,1,0
BRDA:502,61,0,0
BRDA:502,61,1,0
BRDA:504,62,0,0
BRDA:504,62,1,0
BRDA:539,63,0,0
BRDA:539,64,0,0
BRDA:549,65,0,0
BRDA:549,65,1,0
BRDA:553,66,0,0
BRDA:553,66,1,0
BRDA:577,67,0,0
BRDA:577,67,1,0
BRDA:602,68,0,0
BRDA:602,69,0,0
BRDA:611,70,0,0
BRDA:611,70,1,0
BRDA:615,71,0,0
BRDA:615,71,1,0
BRDA:633,72,0,0
BRDA:633,72,1,0
BRDA:633,73,0,0
BRDA:633,73,1,0
BRDA:640,74,0,0
BRDA:640,74,1,0
BRDA:643,75,0,0
BRDA:643,75,1,0
BRDA:647,76,0,0
BRDA:647,76,1,0
BRDA:671,77,0,0
BRDA:700,78,0,0
BRDA:700,78,1,0
BRDA:720,79,0,0
BRDA:720,79,1,0
BRF:127
BRH:0
end_of_record
TN:
SF:api/src/routes/session.routes.js
FN:13,createRoutes
FN:36,(anonymous_1)
FN:45,(anonymous_2)
FN:87,(anonymous_3)
FN:142,(anonymous_4)
FN:149,(anonymous_5)
FN:159,(anonymous_6)
FN:203,(anonymous_7)
FN:231,(anonymous_8)
FN:272,(anonymous_9)
FN:343,(anonymous_10)
FN:447,(anonymous_11)
FN:509,(anonymous_12)
FN:531,(anonymous_13)
FN:559,(anonymous_14)
FN:578,(anonymous_15)
FN:583,(anonymous_16)
FN:602,(anonymous_17)
FNF:18
FNH:0
FNDA:0,createRoutes
FNDA:0,(anonymous_1)
FNDA:0,(anonymous_2)
FNDA:0,(anonymous_3)
FNDA:0,(anonymous_4)
FNDA:0,(anonymous_5)
FNDA:0,(anonymous_6)
FNDA:0,(anonymous_7)
FNDA:0,(anonymous_8)
FNDA:0,(anonymous_9)
FNDA:0,(anonymous_10)
FNDA:0,(anonymous_11)
FNDA:0,(anonymous_12)
FNDA:0,(anonymous_13)
FNDA:0,(anonymous_14)
FNDA:0,(anonymous_15)
FNDA:0,(anonymous_16)
FNDA:0,(anonymous_17)
DA:6,0
DA:14,0
DA:19,0
DA:36,0
DA:37,0
DA:38,0
DA:41,0
DA:42,0
DA:45,0
DA:63,0
DA:64,0
DA:65,0
DA:67,0
DA:68,0
DA:70,0
DA:85,0
DA:87,0
DA:88,0
DA:89,0
DA:91,0
DA:109,0
DA:111,0
DA:117,0
DA:119,0
DA:121,0
DA:124,0
DA:132,0
DA:135,0
DA:138,0
DA:142,0
DA:143,0
DA:149,0
DA:150,0
DA:152,0
DA:153,0
DA:155,0
DA:158,0
DA:159,0
DA:161,0
DA:162,0
DA:163,0
DA:165,0
DA:166,0
DA:169,0
DA:170,0
DA:172,0
DA:173,0
DA:176,0
DA:192,0
DA:195,0
DA:196,0
DA:203,0
DA:204,0
DA:206,0
DA:207,0
DA:210,0
DA:211,0
DA:214,0
DA:215,0
DA:230,0
DA:231,0
DA:241,0
DA:261,0
DA:264,0
DA:265,0
DA:272,0
DA:273,0
DA:280,0
DA:283,0
DA:284,0
DA:286,0
DA:295,0
DA:304,0
DA:305,0
DA:313,0
DA:330,0
DA:333,0
DA:334,0
DA:343,0
DA:344,0
DA:351,0
DA:354,0
DA:355,0
DA:357,0
DA:366,0
DA:376,0
DA:377,0
DA:378,0
DA:380,0
DA:381,0
DA:389,0
DA:391,0
DA:402,0
DA:410,0
DA:411,0
DA:418,0
DA:437,0
DA:438,0
DA:447,0
DA:448,0
DA:453,0
DA:456,0
DA:457,0
DA:459,0
DA:467,0
DA:476,0
DA:477,0
DA:484,0
DA:485,0
DA:488,0
DA:489,0
DA:496,0
DA:509,0
DA:517,0
DA:520,0
DA:521,0
DA:531,0
DA:532,0
DA:533,0
DA:534,0
DA:536,0
DA:537,0
DA:539,0
DA:548,0
DA:551,0
DA:552,0
DA:559,0
DA:560,0
DA:561,0
DA:562,0
DA:564,0
DA:565,0
DA:566,0
DA:568,0
DA:570,0
DA:578,0
DA:583,0
DA:587,0
DA:590,0
DA:591,0
DA:602,0
DA:603,0
DA:604,0
DA:606,0
DA:607,0
DA:616,0
DA:617,0
DA:619,0
DA:620,0
DA:628,0
DA:629,0
DA:630,0
DA:631,0
DA:633,0
DA:636,0
DA:637,0
DA:638,0
DA:639,0
DA:640,0
DA:641,0
DA:643,0
DA:648,0
DA:662,0
DA:663,0
DA:671,0
DA:674,0
DA:676,0
DA:684,0
DA:688,0
DA:689,0
LF:170
LH:0
BRDA:13,0,0,0
BRDA:18,1,0,0
BRDA:41,2,0,0
BRDA:41,2,1,0
BRDA:48,3,0,0
BRDA:48,3,1,0
BRDA:49,4,0,0
BRDA:49,4,1,0
BRDA:49,4,2,0
BRDA:50,5,0,0
BRDA:50,5,1,0
BRDA:51,6,0,0
BRDA:51,6,1,0
BRDA:52,7,0,0
BRDA:52,7,1,0
BRDA:54,8,0,0
BRDA:54,8,1,0
BRDA:55,9,0,0
BRDA:55,9,1,0
BRDA:56,10,0,0
BRDA:56,10,1,0
BRDA:64,11,0,0
BRDA:64,11,1,0
BRDA:88,12,0,0
BRDA:88,12,1,0
BRDA:89,13,0,0
BRDA:89,13,1,0
BRDA:94,14,0,0
BRDA:94,14,1,0
BRDA:100,15,0,0
BRDA:100,15,1,0
BRDA:103,16,0,0
BRDA:103,16,1,0
BRDA:158,17,0,0
BRDA:158,17,1,0
BRDA:159,18,0,0
BRDA:159,18,1,0
BRDA:162,19,0,0
BRDA:162,19,1,0
BRDA:165,20,0,0
BRDA:165,20,1,0
BRDA:172,21,0,0
BRDA:172,21,1,0
BRDA:214,22,0,0
BRDA:214,22,1,0
BRDA:252,23,0,0
BRDA:252,23,1,0
BRDA:253,24,0,0
BRDA:253,24,1,0
BRDA:254,25,0,0
BRDA:254,25,1,0
BRDA:255,26,0,0
BRDA:255,26,1,0
BRDA:275,27,0,0
BRDA:276,28,0,0
BRDA:277,29,0,0
BRDA:278,30,0,0
BRDA:279,31,0,0
BRDA:304,32,0,0
BRDA:304,32,1,0
BRDA:304,33,0,0
BRDA:304,33,1,0
BRDA:346,34,0,0
BRDA:347,35,0,0
BRDA:348,36,0,0
BRDA:350,37,0,0
BRDA:358,38,0,0
BRDA:358,38,1,0
BRDA:376,39,0,0
BRDA:376,39,1,0
BRDA:410,40,0,0
BRDA:410,40,1,0
BRDA:425,41,0,0
BRDA:425,41,1,0
BRDA:450,42,0,0
BRDA:451,43,0,0
BRDA:452,44,0,0
BRDA:476,45,0,0
BRDA:476,45,1,0
BRDA:488,46,0,0
BRDA:488,46,1,0
BRDA:488,47,0,0
BRDA:488,47,1,0
BRDA:502,48,0,0
BRDA:502,48,1,0
BRDA:568,49,0,0
BRDA:568,49,1,0
BRDA:573,50,0,0
BRDA:573,50,1,0
BRDA:573,51,0,0
BRDA:573,51,1,0
BRDA:578,52,0,0
BRDA:578,52,1,0
BRDA:606,53,0,0
BRDA:606,53,1,0
BRDA:616,54,0,0
BRDA:616,54,1,0
BRDA:619,55,0,0
BRDA:619,55,1,0
BRDA:637,56,0,0
BRDA:637,56,1,0
BRDA:637,57,0,0
BRDA:637,57,1,0
BRDA:662,58,0,0
BRDA:662,58,1,0
BRF:105
BRH:0
end_of_record
TN:
SF:api/src/routes/settings.routes.js
FN:17,(anonymous_0)
FN:43,(anonymous_1)
FN:69,(anonymous_2)
FN:84,(anonymous_3)
FN:90,(anonymous_4)
FN:117,(anonymous_5)
FN:146,(anonymous_6)
FN:184,(anonymous_7)
FN:216,(anonymous_8)
FN:236,(anonymous_9)
FN:317,(anonymous_10)
FN:319,(anonymous_11)
FN:344,(anonymous_12)
FN:360,initializeSettingsRoutes
FNF:14
FNH:0
FNDA:0,(anonymous_0)
FNDA:0,(anonymous_1)
FNDA:0,(anonymous_2)
FNDA:0,(anonymous_3)
FNDA:0,(anonymous_4)
FNDA:0,(anonymous_5)
FNDA:0,(anonymous_6)
FNDA:0,(anonymous_7)
FNDA:0,(anonymous_8)
FNDA:0,(anonymous_9)
FNDA:0,(anonymous_10)
FNDA:0,(anonymous_11)
FNDA:0,(anonymous_12)
FNDA:0,initializeSettingsRoutes
DA:6,0
DA:7,0
DA:8,0
DA:11,0
DA:19,0
DA:20,0
DA:22,0
DA:28,0
DA:40,0
DA:43,0
DA:44,0
DA:45,0
DA:49,0
DA:50,0
DA:51,0
DA:52,0
DA:53,0
DA:59,0
DA:60,0
DA:69,0
DA:70,0
DA:71,0
DA:75,0
DA:76,0
DA:84,0
DA:85,0
DA:86,0
DA:90,0
DA:91,0
DA:93,0
DA:94,0
DA:95,0
DA:97,0
DA:105,0
DA:106,0
DA:117,0
DA:118,0
DA:120,0
DA:121,0
DA:122,0
DA:124,0
DA:130,0
DA:133,0
DA:146,0
DA:147,0
DA:149,0
DA:150,0
DA:152,0
DA:153,0
DA:161,0
DA:162,0
DA:164,0
DA:166,0
DA:174,0
DA:175,0
DA:184,0
DA:185,0
DA:186,0
DA:190,0
DA:191,0
DA:193,0
DA:194,0
DA:195,0
DA:197,0
DA:205,0
DA:206,0
DA:216,0
DA:217,0
DA:218,0
DA:222,0
DA:236,0
DA:237,0
DA:238,0
DA:240,0
DA:241,0
DA:247,0
DA:250,0
DA:253,0
DA:271,0
DA:272,0
DA:273,0
DA:280,0
DA:284,0
DA:286,0
DA:287,0
DA:289,0
DA:290,0
DA:291,0
DA:292,0
DA:293,0
DA:294,0
DA:295,0
DA:296,0
DA:298,0
DA:300,0
DA:301,0
DA:302,0
DA:303,0
DA:305,0
DA:308,0
DA:317,0
DA:319,0
DA:320,0
DA:321,0
DA:322,0
DA:331,0
DA:332,0
DA:335,0
DA:344,0
DA:345,0
DA:346,0
DA:349,0
DA:361,0
DA:362,0
DA:363,0
DA:366,0
DA:367,0
LF:117
LH:0
BRDA:19,0,0,0
BRDA:19,0,1,0
BRDA:44,1,0,0
BRDA:44,1,1,0
BRDA:55,2,0,0
BRDA:55,2,1,0
BRDA:70,3,0,0
BRDA:70,3,1,0
BRDA:152,4,0,0
BRDA:152,4,1,0
BRDA:152,5,0,0
BRDA:152,5,1,0
BRDA:185,6,0,0
BRDA:185,6,1,0
BRDA:200,7,0,0
BRDA:200,7,1,0
BRDA:201,8,0,0
BRDA:201,8,1,0
BRDA:217,9,0,0
BRDA:217,9,1,0
BRDA:240,10,0,0
BRDA:240,10,1,0
BRDA:271,11,0,0
BRDA:271,11,1,0
BRDA:271,12,0,0
BRDA:271,12,1,0
BRDA:289,13,0,0
BRDA:289,13,1,0
BRDA:291,14,0,0
BRDA:291,14,1,0
BRDA:293,15,0,0
BRDA:293,15,1,0
BRDA:295,16,0,0
BRDA:295,16,1,0
BRDA:298,17,0,0
BRDA:298,17,1,0
BRDA:300,18,0,0
BRDA:300,18,1,0
BRDA:302,19,0,0
BRDA:302,19,1,0
BRDA:311,20,0,0
BRDA:311,20,1,0
BRDA:320,21,0,0
BRDA:320,21,1,0
BRDA:331,22,0,0
BRDA:331,22,1,0
BRDA:345,23,0,0
BRDA:345,23,1,0
BRF:48
BRH:0
end_of_record
TN:
SF:api/src/routes/upload.routes.js
FN:32,(anonymous_0)
FN:123,(anonymous_1)
FN:186,(anonymous_2)
FN:225,(anonymous_3)
FN:228,(anonymous_4)
FN:229,(anonymous_5)
FN:258,(anonymous_6)
FN:275,(anonymous_7)
FN:314,(anonymous_8)
FN:336,(anonymous_9)
FN:344,(anonymous_10)
FN:360,startFileProcessing
FN:388,(anonymous_12)
FNF:13
FNH:0
FNDA:0,(anonymous_0)
FNDA:0,(anonymous_1)
FNDA:0,(anonymous_2)
FNDA:0,(anonymous_3)
FNDA:0,(anonymous_4)
FNDA:0,(anonymous_5)
FNDA:0,(anonymous_6)
FNDA:0,(anonymous_7)
FNDA:0,(anonymous_8)
FNDA:0,(anonymous_9)
FNDA:0,(anonymous_10)
FNDA:0,startFileProcessing
FNDA:0,(anonymous_12)
DA:6,0
DA:7,0
DA:8,0
DA:9,0
DA:10,0
DA:11,0
DA:14,0
DA:17,0
DA:18,0
DA:26,0
DA:32,0
DA:33,0
DA:34,0
DA:35,0
DA:38,0
DA:39,0
DA:40,0
DA:47,0
DA:48,0
DA:49,0
DA:55,0
DA:56,0
DA:57,0
DA:60,0
DA:63,0
DA:64,0
DA:73,0
DA:78,0
DA:80,0
DA:83,0
DA:97,0
DA:99,0
DA:109,0
DA:110,0
DA:111,0
DA:123,0
DA:124,0
DA:125,0
DA:126,0
DA:128,0
DA:129,0
DA:135,0
DA:136,0
DA:137,0
DA:143,0
DA:144,0
DA:147,0
DA:150,0
DA:151,0
DA:154,0
DA:156,0
DA:162,0
DA:164,0
DA:174,0
DA:175,0
DA:186,0
DA:187,0
DA:188,0
DA:190,0
DA:191,0
DA:197,0
DA:198,0
DA:199,0
DA:206,0
DA:207,0
DA:216,0
DA:217,0
DA:219,0
DA:220,0
DA:221,0
DA:222,0
DA:225,0
DA:228,0
DA:229,0
DA:230,0
DA:231,0
DA:236,0
DA:243,0
DA:244,0
DA:246,0
DA:248,0
DA:258,0
DA:259,0
DA:263,0
DA:264,0
DA:275,0
DA:276,0
DA:277,0
DA:279,0
DA:280,0
DA:281,0
DA:287,0
DA:289,0
DA:302,0
DA:303,0
DA:314,0
DA:315,0
DA:316,0
DA:319,0
DA:328,0
DA:336,0
DA:337,0
DA:344,0
DA:345,0
DA:349,0
DA:350,0
DA:361,0
DA:364,0
DA:367,0
DA:377,0
DA:379,0
DA:388,0
DA:389,0
DA:390,0
DA:392,0
DA:393,0
DA:395,0
DA:396,0
DA:398,0
DA:402,0
DA:403,0
DA:407,0
DA:411,0
LF:123
LH:0
BRDA:38,0,0,0
BRDA:38,0,1,0
BRDA:38,1,0,0
BRDA:38,1,1,0
BRDA:38,1,2,0
BRDA:48,2,0,0
BRDA:48,2,1,0
BRDA:74,3,0,0
BRDA:74,3,1,0
BRDA:76,4,0,0
BRDA:76,4,1,0
BRDA:76,5,0,0
BRDA:76,5,1,0
BRDA:128,6,0,0
BRDA:128,6,1,0
BRDA:128,7,0,0
BRDA:128,7,1,0
BRDA:128,7,2,0
BRDA:136,8,0,0
BRDA:136,8,1,0
BRDA:190,9,0,0
BRDA:190,9,1,0
BRDA:190,10,0,0
BRDA:190,10,1,0
BRDA:198,11,0,0
BRDA:198,11,1,0
BRDA:206,12,0,0
BRDA:206,12,1,0
BRDA:230,13,0,0
BRDA:230,13,1,0
BRDA:280,14,0,0
BRDA:280,14,1,0
BRDA:298,15,0,0
BRDA:298,15,1,0
BRDA:393,16,0,0
BRDA:393,16,1,0
BRF:36
BRH:0
end_of_record
TN:
SF:api/src/services/index.js
FN:20,(anonymous_0)
FN:30,(anonymous_1)
FN:82,(anonymous_2)
FN:106,(anonymous_3)
FN:155,(anonymous_4)
FN:181,(anonymous_5)
FN:198,(anonymous_6)
FN:199,(anonymous_7)
FN:200,(anonymous_8)
FN:201,(anonymous_9)
FN:202,(anonymous_10)
FN:212,(anonymous_11)
FN:296,(anonymous_12)
FN:322,(anonymous_13)
FN:331,(anonymous_14)
FN:339,(anonymous_15)
FN:347,(anonymous_16)
FN:354,(anonymous_17)
FN:360,(anonymous_18)
FN:372,(anonymous_19)
FN:399,(anonymous_20)
FN:407,(anonymous_21)
FN:414,(anonymous_22)
FN:448,(anonymous_23)
FN:456,(anonymous_24)
FN:497,(anonymous_25)
FN:506,(anonymous_26)
FN:524,(anonymous_27)
FN:526,(anonymous_28)
FN:530,(anonymous_29)
FN:533,(anonymous_30)
FN:543,(anonymous_31)
FN:545,(anonymous_32)
FN:552,(anonymous_33)
FN:568,(anonymous_34)
FN:576,(anonymous_35)
FN:594,(anonymous_36)
FN:600,(anonymous_37)
FN:626,initializeServices
FN:634,getServiceContainer
FNF:40
FNH:0
FNDA:0,(anonymous_0)
FNDA:0,(anonymous_1)
FNDA:0,(anonymous_2)
FNDA:0,(anonymous_3)
FNDA:0,(anonymous_4)
FNDA:0,(anonymous_5)
FNDA:0,(anonymous_6)
FNDA:0,(anonymous_7)
FNDA:0,(anonymous_8)
FNDA:0,(anonymous_9)
FNDA:0,(anonymous_10)
FNDA:0,(anonymous_11)
FNDA:0,(anonymous_12)
FNDA:0,(anonymous_13)
FNDA:0,(anonymous_14)
FNDA:0,(anonymous_15)
FNDA:0,(anonymous_16)
FNDA:0,(anonymous_17)
FNDA:0,(anonymous_18)
FNDA:0,(anonymous_19)
FNDA:0,(anonymous_20)
FNDA:0,(anonymous_21)
FNDA:0,(anonymous_22)
FNDA:0,(anonymous_23)
FNDA:0,(anonymous_24)
FNDA:0,(anonymous_25)
FNDA:0,(anonymous_26)
FNDA:0,(anonymous_27)
FNDA:0,(anonymous_28)
FNDA:0,(anonymous_29)
FNDA:0,(anonymous_30)
FNDA:0,(anonymous_31)
FNDA:0,(anonymous_32)
FNDA:0,(anonymous_33)
FNDA:0,(anonymous_34)
FNDA:0,(anonymous_35)
FNDA:0,(anonymous_36)
FNDA:0,(anonymous_37)
FNDA:0,initializeServices
FNDA:0,getServiceContainer
DA:6,0
DA:7,0
DA:10,0
DA:11,0
DA:12,0
DA:13,0
DA:14,0
DA:17,0
DA:21,0
DA:22,0
DA:23,0
DA:31,0
DA:32,0
DA:35,0
DA:36,0
DA:39,0
DA:42,0
DA:45,0
DA:48,0
DA:51,0
DA:54,0
DA:58,0
DA:60,0
DA:62,0
DA:67,0
DA:70,0
DA:74,0
DA:83,0
DA:86,0
DA:89,0
DA:90,0
DA:91,0
DA:95,0
DA:97,0
DA:99,0
DA:107,0
DA:110,0
DA:120,0
DA:123,0
DA:124,0
DA:125,0
DA:128,0
DA:131,0
DA:132,0
DA:133,0
DA:134,0
DA:138,0
DA:141,0
DA:144,0
DA:156,0
DA:159,0
DA:162,0
DA:165,0
DA:166,0
DA:167,0
DA:169,0
DA:174,0
DA:182,0
DA:184,0
DA:187,0
DA:188,0
DA:191,0
DA:193,0
DA:195,0
DA:197,0
DA:198,0
DA:199,0
DA:200,0
DA:201,0
DA:202,0
DA:204,0
DA:213,0
DA:220,0
DA:222,0
DA:223,0
DA:224,0
DA:227,0
DA:228,0
DA:230,0
DA:236,0
DA:237,0
DA:243,0
DA:244,0
DA:247,0
DA:250,0
DA:251,0
DA:254,0
DA:267,0
DA:270,0
DA:271,0
DA:290,0
DA:297,0
DA:300,0
DA:301,0
DA:302,0
DA:303,0
DA:305,0
DA:312,0
DA:315,0
DA:323,0
DA:325,0
DA:328,0
DA:329,0
DA:331,0
DA:336,0
DA:337,0
DA:339,0
DA:344,0
DA:345,0
DA:347,0
DA:351,0
DA:352,0
DA:354,0
DA:359,0
DA:361,0
DA:362,0
DA:363,0
DA:365,0
DA:371,0
DA:372,0
DA:373,0
DA:374,0
DA:375,0
DA:376,0
DA:377,0
DA:379,0
DA:384,0
DA:385,0
DA:391,0
DA:400,0
DA:408,0
DA:415,0
DA:417,0
DA:419,0
DA:420,0
DA:421,0
DA:425,0
DA:426,0
DA:427,0
DA:431,0
DA:432,0
DA:433,0
DA:436,0
DA:437,0
DA:440,0
DA:449,0
DA:457,0
DA:459,0
DA:462,0
DA:463,0
DA:464,0
DA:465,0
DA:469,0
DA:471,0
DA:476,0
DA:477,0
DA:478,0
DA:479,0
DA:481,0
DA:485,0
DA:486,0
DA:487,0
DA:488,0
DA:490,0
DA:495,0
DA:496,0
DA:498,0
DA:504,0
DA:505,0
DA:507,0
DA:512,0
DA:514,0
DA:515,0
DA:517,0
DA:525,0
DA:527,0
DA:528,0
DA:531,0
DA:534,0
DA:544,0
DA:546,0
DA:547,0
DA:549,0
DA:550,0
DA:553,0
DA:558,0
DA:559,0
DA:569,0
DA:576,0
DA:577,0
DA:578,0
DA:579,0
DA:580,0
DA:582,0
DA:587,0
DA:595,0
DA:596,0
DA:599,0
DA:600,0
DA:601,0
DA:602,0
DA:604,0
DA:605,0
DA:609,0
DA:610,0
DA:611,0
DA:614,0
DA:620,0
DA:627,0
DA:635,0
DA:638,0
LF:211
LH:0
BRDA:31,0,0,0
BRDA:31,0,1,0
BRDA:90,1,0,0
BRDA:90,1,1,0
BRDA:111,2,0,0
BRDA:111,2,1,0
BRDA:112,3,0,0
BRDA:112,3,1,0
BRDA:113,4,0,0
BRDA:113,4,1,0
BRDA:114,5,0,0
BRDA:114,5,1,0
BRDA:115,6,0,0
BRDA:115,6,1,0
BRDA:116,7,0,0
BRDA:116,7,1,0
BRDA:117,8,0,0
BRDA:117,8,1,0
BRDA:131,9,0,0
BRDA:131,9,1,0
BRDA:133,10,0,0
BRDA:133,10,1,0
BRDA:222,11,0,0
BRDA:222,11,1,0
BRDA:237,12,0,0
BRDA:237,12,1,0
BRDA:280,13,0,0
BRDA:280,13,1,0
BRDA:300,14,0,0
BRDA:300,14,1,0
BRDA:328,15,0,0
BRDA:328,15,1,0
BRDA:336,16,0,0
BRDA:336,16,1,0
BRDA:344,17,0,0
BRDA:344,17,1,0
BRDA:344,18,0,0
BRDA:344,18,1,0
BRDA:351,19,0,0
BRDA:351,19,1,0
BRDA:374,20,0,0
BRDA:374,20,1,0
BRDA:376,21,0,0
BRDA:376,21,1,0
BRDA:400,22,0,0
BRDA:400,22,1,0
BRDA:419,23,0,0
BRDA:419,23,1,0
BRDA:419,24,0,0
BRDA:419,24,1,0
BRDA:425,25,0,0
BRDA:425,25,1,0
BRDA:425,26,0,0
BRDA:425,26,1,0
BRDA:431,27,0,0
BRDA:431,27,1,0
BRDA:431,28,0,0
BRDA:431,28,1,0
BRDA:449,29,0,0
BRDA:449,29,1,0
BRDA:462,30,0,0
BRDA:462,30,1,0
BRDA:462,31,0,0
BRDA:462,31,1,0
BRDA:476,32,0,0
BRDA:476,32,1,0
BRDA:485,33,0,0
BRDA:485,33,1,0
BRDA:495,34,0,0
BRDA:495,34,1,0
BRDA:504,35,0,0
BRDA:504,35,1,0
BRDA:546,36,0,0
BRDA:546,36,1,0
BRDA:554,37,0,0
BRDA:554,37,1,0
BRDA:578,38,0,0
BRDA:578,38,1,0
BRDA:578,39,0,0
BRDA:578,39,1,0
BRDA:595,40,0,0
BRDA:595,40,1,0
BRDA:602,41,0,0
BRDA:602,41,1,0
BRDA:604,42,0,0
BRDA:604,42,1,0
BRDA:609,43,0,0
BRDA:609,43,1,0
BRDA:609,44,0,0
BRDA:609,44,1,0
BRF:90
BRH:0
end_of_record
TN:
SF:api/src/services/ai/analysis.service.js
FN:10,(anonymous_0)
FN:29,(anonymous_1)
FN:96,(anonymous_2)
FN:189,(anonymous_3)
FN:203,(anonymous_4)
FN:246,(anonymous_5)
FN:265,(anonymous_6)
FN:294,(anonymous_7)
FN:315,(anonymous_8)
FN:327,(anonymous_9)
FN:358,(anonymous_10)
FN:377,(anonymous_11)
FNF:12
FNH:0
FNDA:0,(anonymous_0)
FNDA:0,(anonymous_1)
FNDA:0,(anonymous_2)
FNDA:0,(anonymous_3)
FNDA:0,(anonymous_4)
FNDA:0,(anonymous_5)
FNDA:0,(anonymous_6)
FNDA:0,(anonymous_7)
FNDA:0,(anonymous_8)
FNDA:0,(anonymous_9)
FNDA:0,(anonymous_10)
FNDA:0,(anonymous_11)
DA:6,0
DA:7,0
DA:11,0
DA:12,0
DA:14,0
DA:30,0
DA:31,0
DA:38,0
DA:40,0
DA:42,0
DA:43,0
DA:49,0
DA:55,0
DA:57,0
DA:64,0
DA:73,0
DA:76,0
DA:78,0
DA:85,0
DA:97,0
DA:98,0
DA:106,0
DA:108,0
DA:110,0
DA:112,0
DA:116,0
DA:118,0
DA:125,0
DA:141,0
DA:142,0
DA:144,0
DA:152,0
DA:160,0
DA:163,0
DA:165,0
DA:173,0
DA:179,0
DA:194,0
DA:196,0
DA:197,0
DA:199,0
DA:200,0
DA:203,0
DA:204,0
DA:205,0
DA:206,0
DA:208,0
DA:214,0
DA:221,0
DA:227,0
DA:228,0
DA:231,0
DA:242,0
DA:243,0
DA:246,0
DA:247,0
DA:249,0
DA:256,0
DA:266,0
DA:267,0
DA:270,0
DA:271,0
DA:273,0
DA:278,0
DA:281,0
DA:286,0
DA:295,0
DA:316,0
DA:318,0
DA:328,0
DA:330,0
DA:331,0
DA:332,0
DA:333,0
DA:335,0
DA:347,0
DA:359,0
DA:378,0
DA:380,0
DA:381,0
DA:382,0
DA:383,0
DA:386,0
DA:390,0
LF:84
LH:0
BRDA:29,0,0,0
BRDA:30,1,0,0
BRDA:30,1,1,0
BRDA:35,2,0,0
BRDA:36,3,0,0
BRDA:37,4,0,0
BRDA:69,5,0,0
BRDA:69,5,1,0
BRDA:70,6,0,0
BRDA:70,6,1,0
BRDA:96,7,0,0
BRDA:97,8,0,0
BRDA:97,8,1,0
BRDA:102,9,0,0
BRDA:103,10,0,0
BRDA:104,11,0,0
BRDA:105,12,0,0
BRDA:112,13,0,0
BRDA:112,13,1,0
BRDA:149,14,0,0
BRDA:149,14,1,0
BRDA:157,15,0,0
BRDA:157,15,1,0
BRDA:189,16,0,0
BRDA:191,17,0,0
BRDA:192,18,0,0
BRDA:193,19,0,0
BRDA:227,20,0,0
BRDA:227,20,1,0
BRDA:265,21,0,0
BRDA:266,22,0,0
BRDA:266,22,1,0
BRDA:342,23,0,0
BRDA:342,23,1,0
BRF:34
BRH:0
end_of_record
TN:
SF:api/src/services/ai/embedding.service.js
FN:10,(anonymous_0)
FN:29,(anonymous_1)
FN:108,(anonymous_2)
FN:120,(anonymous_3)
FN:147,(anonymous_4)
FN:166,(anonymous_5)
FN:197,(anonymous_6)
FN:207,(anonymous_7)
FN:214,(anonymous_8)
FN:233,(anonymous_9)
FN:245,(anonymous_10)
FN:265,(anonymous_11)
FNF:12
FNH:0
FNDA:0,(anonymous_0)
FNDA:0,(anonymous_1)
FNDA:0,(anonymous_2)
FNDA:0,(anonymous_3)
FNDA:0,(anonymous_4)
FNDA:0,(anonymous_5)
FNDA:0,(anonymous_6)
FNDA:0,(anonymous_7)
FNDA:0,(anonymous_8)
FNDA:0,(anonymous_9)
FNDA:0,(anonymous_10)
FNDA:0,(anonymous_11)
DA:6,0
DA:7,0
DA:11,0
DA:12,0
DA:14,0
DA:30,0
DA:31,0
DA:38,0
DA:40,0
DA:42,0
DA:44,0
DA:49,0
DA:51,0
DA:61,0
DA:66,0
DA:68,0
DA:76,0
DA:85,0
DA:88,0
DA:90,0
DA:98,0
DA:112,0
DA:114,0
DA:116,0
DA:117,0
DA:120,0
DA:121,0
DA:122,0
DA:123,0
DA:129,0
DA:133,0
DA:143,0
DA:144,0
DA:147,0
DA:148,0
DA:150,0
DA:157,0
DA:167,0
DA:168,0
DA:171,0
DA:172,0
DA:175,0
DA:176,0
DA:177,0
DA:179,0
DA:180,0
DA:181,0
DA:182,0
DA:185,0
DA:186,0
DA:189,0
DA:198,0
DA:199,0
DA:202,0
DA:203,0
DA:207,0
DA:215,0
DA:234,0
DA:236,0
DA:246,0
DA:247,0
DA:250,0
DA:251,0
DA:254,0
DA:255,0
DA:258,0
DA:266,0
DA:268,0
DA:269,0
DA:270,0
DA:271,0
DA:274,0
DA:278,0
LF:73
LH:0
BRDA:29,0,0,0
BRDA:29,1,0,0
BRDA:30,2,0,0
BRDA:30,2,1,0
BRDA:35,3,0,0
BRDA:36,4,0,0
BRDA:37,5,0,0
BRDA:44,6,0,0
BRDA:44,6,1,0
BRDA:44,7,0,0
BRDA:44,7,1,0
BRDA:54,8,0,0
BRDA:54,8,1,0
BRDA:108,9,0,0
BRDA:110,10,0,0
BRDA:111,11,0,0
BRDA:167,12,0,0
BRDA:167,12,1,0
BRDA:167,13,0,0
BRDA:167,13,1,0
BRDA:171,14,0,0
BRDA:171,14,1,0
BRDA:185,15,0,0
BRDA:185,15,1,0
BRDA:185,16,0,0
BRDA:185,16,1,0
BRDA:198,17,0,0
BRDA:198,17,1,0
BRDA:202,18,0,0
BRDA:202,18,1,0
BRDA:207,19,0,0
BRDA:207,19,1,0
BRDA:246,20,0,0
BRDA:246,20,1,0
BRDA:254,21,0,0
BRDA:254,21,1,0
BRF:36
BRH:0
end_of_record
TN:
SF:api/src/services/ai/index.js
FN:15,initializeAIServices
FN:43,testAIServices
FN:88,getAIServicesStats
FNF:3
FNH:0
FNDA:0,initializeAIServices
FNDA:0,testAIServices
FNDA:0,getAIServicesStats
DA:6,0
DA:7,0
DA:8,0
DA:17,0
DA:28,0
DA:29,0
DA:31,0
DA:44,0
DA:50,0
DA:52,0
DA:53,0
DA:54,0
DA:55,0
DA:59,0
DA:60,0
DA:61,0
DA:62,0
DA:66,0
DA:70,0
DA:71,0
DA:72,0
DA:76,0
DA:77,0
DA:80,0
DA:89,0
DA:103,0
LF:26
LH:0
BRDA:15,0,0,0
BRDA:18,1,0,0
BRDA:18,1,1,0
BRDA:19,2,0,0
BRDA:19,2,1,0
BRDA:20,3,0,0
BRDA:20,3,1,0
BRDA:21,4,0,0
BRDA:21,4,1,0
BRDA:22,5,0,0
BRDA:22,5,1,0
BRDA:23,6,0,0
BRDA:23,6,1,0
BRDA:24,7,0,0
BRDA:24,7,1,0
BRDA:53,8,0,0
BRDA:53,8,1,0
BRDA:60,9,0,0
BRDA:60,9,1,0
BRDA:70,10,0,0
BRDA:70,10,1,0
BRF:21
BRH:0
end_of_record
TN:
SF:api/src/services/ai/openai.service.js
FN:11,(anonymous_0)
FN:36,(anonymous_1)
FN:71,(anonymous_2)
FN:144,(anonymous_3)
FN:215,(anonymous_4)
FN:294,(anonymous_5)
FN:357,(anonymous_6)
FN:374,(anonymous_7)
FN:393,(anonymous_8)
FN:422,(anonymous_9)
FN:445,(anonymous_10)
FN:455,(anonymous_11)
FN:485,(anonymous_12)
FN:493,(anonymous_13)
FNF:14
FNH:0
FNDA:0,(anonymous_0)
FNDA:0,(anonymous_1)
FNDA:0,(anonymous_2)
FNDA:0,(anonymous_3)
FNDA:0,(anonymous_4)
FNDA:0,(anonymous_5)
FNDA:0,(anonymous_6)
FNDA:0,(anonymous_7)
FNDA:0,(anonymous_8)
FNDA:0,(anonymous_9)
FNDA:0,(anonymous_10)
FNDA:0,(anonymous_11)
FNDA:0,(anonymous_12)
FNDA:0,(anonymous_13)
DA:6,0
DA:7,0
DA:8,0
DA:12,0
DA:22,0
DA:23,0
DA:24,0
DA:27,0
DA:28,0
DA:37,0
DA:38,0
DA:39,0
DA:42,0
DA:48,0
DA:49,0
DA:51,0
DA:58,0
DA:61,0
DA:72,0
DA:73,0
DA:80,0
DA:82,0
DA:84,0
DA:85,0
DA:90,0
DA:92,0
DA:103,0
DA:104,0
DA:106,0
DA:112,0
DA:121,0
DA:124,0
DA:126,0
DA:133,0
DA:145,0
DA:146,0
DA:152,0
DA:154,0
DA:156,0
DA:158,0
DA:160,0
DA:167,0
DA:173,0
DA:174,0
DA:176,0
DA:184,0
DA:192,0
DA:195,0
DA:197,0
DA:205,0
DA:216,0
DA:217,0
DA:225,0
DA:227,0
DA:229,0
DA:231,0
DA:235,0
DA:241,0
DA:257,0
DA:258,0
DA:260,0
DA:267,0
DA:274,0
DA:277,0
DA:279,0
DA:286,0
DA:295,0
DA:296,0
DA:303,0
DA:304,0
DA:307,0
DA:315,0
DA:316,0
DA:318,0
DA:324,0
DA:337,0
DA:342,0
DA:358,0
DA:375,0
DA:376,0
DA:379,0
DA:380,0
DA:383,0
DA:394,0
DA:423,0
DA:442,0
DA:445,0
DA:446,0
DA:447,0
DA:452,0
DA:453,0
DA:455,0
DA:456,0
DA:457,0
DA:463,0
DA:464,0
DA:465,0
DA:468,0
DA:469,0
DA:470,0
DA:473,0
DA:474,0
DA:475,0
DA:478,0
DA:486,0
DA:494,0
DA:498,0
LF:107
LH:0
BRDA:11,0,0,0
BRDA:14,1,0,0
BRDA:14,1,1,0
BRDA:15,2,0,0
BRDA:15,2,1,0
BRDA:16,3,0,0
BRDA:16,3,1,0
BRDA:17,4,0,0
BRDA:17,4,1,0
BRDA:18,5,0,0
BRDA:18,5,1,0
BRDA:19,6,0,0
BRDA:19,6,1,0
BRDA:27,7,0,0
BRDA:27,7,1,0
BRDA:38,8,0,0
BRDA:38,8,1,0
BRDA:38,9,0,0
BRDA:38,9,1,0
BRDA:71,10,0,0
BRDA:72,11,0,0
BRDA:72,11,1,0
BRDA:77,12,0,0
BRDA:78,13,0,0
BRDA:79,14,0,0
BRDA:109,15,0,0
BRDA:109,15,1,0
BRDA:117,16,0,0
BRDA:117,16,1,0
BRDA:144,17,0,0
BRDA:144,18,0,0
BRDA:145,19,0,0
BRDA:145,19,1,0
BRDA:150,20,0,0
BRDA:151,21,0,0
BRDA:158,22,0,0
BRDA:158,22,1,0
BRDA:163,23,0,0
BRDA:163,23,1,0
BRDA:170,24,0,0
BRDA:170,24,1,0
BRDA:181,25,0,0
BRDA:181,25,1,0
BRDA:189,26,0,0
BRDA:189,26,1,0
BRDA:215,27,0,0
BRDA:216,28,0,0
BRDA:216,28,1,0
BRDA:221,29,0,0
BRDA:222,30,0,0
BRDA:223,31,0,0
BRDA:224,32,0,0
BRDA:231,33,0,0
BRDA:231,33,1,0
BRDA:264,34,0,0
BRDA:264,34,1,0
BRDA:271,35,0,0
BRDA:271,35,1,0
BRDA:295,36,0,0
BRDA:295,36,1,0
BRDA:328,37,0,0
BRDA:328,37,1,0
BRDA:347,38,0,0
BRDA:347,38,1,0
BRDA:360,39,0,0
BRDA:360,39,1,0
BRDA:379,40,0,0
BRDA:379,40,1,0
BRDA:379,41,0,0
BRDA:379,41,1,0
BRDA:446,42,0,0
BRDA:446,42,1,0
BRDA:452,43,0,0
BRDA:452,43,1,0
BRDA:452,44,0,0
BRDA:452,44,1,0
BRDA:456,45,0,0
BRDA:456,45,1,0
BRDA:464,46,0,0
BRDA:464,46,1,0
BRDA:469,47,0,0
BRDA:469,47,1,0
BRDA:474,48,0,0
BRDA:474,48,1,0
BRDA:494,49,0,0
BRDA:494,49,1,0
BRF:86
BRH:0
end_of_record
TN:
SF:api/src/services/communication/index.js
FN:14,initializeCommunicationServices
FN:43,testCommunicationServices
FN:100,getCommunicationServicesStats
FN:132,startCommunicationServices
FN:163,stopCommunicationServices
FN:184,createUnifiedBroadcast
FN:185,(anonymous_6)
FN:219,setupDefaultMessageHandlers
FN:223,(anonymous_8)
FN:231,(anonymous_9)
FN:241,(anonymous_10)
FNF:11
FNH:0
FNDA:0,initializeCommunicationServices
FNDA:0,testCommunicationServices
FNDA:0,getCommunicationServicesStats
FNDA:0,startCommunicationServices
FNDA:0,stopCommunicationServices
FNDA:0,createUnifiedBroadcast
FNDA:0,(anonymous_6)
FNDA:0,setupDefaultMessageHandlers
FNDA:0,(anonymous_8)
FNDA:0,(anonymous_9)
FNDA:0,(anonymous_10)
DA:6,0
DA:7,0
DA:16,0
DA:24,0
DA:32,0
DA:44,0
DA:50,0
DA:52,0
DA:53,0
DA:54,0
DA:59,0
DA:60,0
DA:61,0
DA:64,0
DA:65,0
DA:66,0
DA:70,0
DA:71,0
DA:72,0
DA:77,0
DA:78,0
DA:79,0
DA:82,0
DA:83,0
DA:84,0
DA:88,0
DA:89,0
DA:92,0
DA:101,0
DA:133,0
DA:138,0
DA:141,0
DA:143,0
DA:144,0
DA:145,0
DA:147,0
DA:148,0
DA:152,0
DA:153,0
DA:156,0
DA:165,0
DA:166,0
DA:168,0
DA:172,0
DA:173,0
DA:175,0
DA:185,0
DA:186,0
DA:187,0
DA:190,0
DA:191,0
DA:193,0
DA:197,0
DA:198,0
DA:204,0
DA:207,0
DA:220,0
DA:223,0
DA:224,0
DA:231,0
DA:233,0
DA:241,0
DA:242,0
DA:243,0
DA:257,0
LF:65
LH:0
BRDA:14,0,0,0
BRDA:17,1,0,0
BRDA:17,1,1,0
BRDA:18,2,0,0
BRDA:18,2,1,0
BRDA:19,3,0,0
BRDA:19,3,1,0
BRDA:20,4,0,0
BRDA:20,4,1,0
BRDA:25,5,0,0
BRDA:25,5,1,0
BRDA:25,6,0,0
BRDA:25,6,1,0
BRDA:26,7,0,0
BRDA:26,7,1,0
BRDA:27,8,0,0
BRDA:27,8,1,0
BRDA:28,9,0,0
BRDA:28,9,1,0
BRDA:29,10,0,0
BRDA:29,10,1,0
BRDA:59,11,0,0
BRDA:59,11,1,0
BRDA:77,12,0,0
BRDA:77,12,1,0
BRDA:143,13,0,0
BRDA:143,13,1,0
BRDA:185,14,0,0
BRDA:235,15,0,0
BRDA:235,15,1,0
BRF:30
BRH:0
end_of_record
TN:
SF:api/src/services/communication/sse.service.js
FN:10,(anonymous_0)
FN:41,(anonymous_1)
FN:95,(anonymous_2)
FN:96,(anonymous_3)
FN:97,(anonymous_4)
FN:107,(anonymous_5)
FN:152,(anonymous_6)
FN:199,(anonymous_7)
FN:216,(anonymous_8)
FN:230,(anonymous_9)
FN:231,(anonymous_10)
FN:245,(anonymous_11)
FN:261,(anonymous_12)
FN:277,(anonymous_13)
FN:283,(anonymous_14)
FN:297,(anonymous_15)
FN:307,(anonymous_16)
FN:311,(anonymous_17)
FN:317,(anonymous_18)
FN:323,(anonymous_19)
FN:333,(anonymous_20)
FN:355,(anonymous_21)
FN:360,(anonymous_22)
FN:374,(anonymous_23)
FN:387,(anonymous_24)
FN:392,(anonymous_25)
FNF:26
FNH:0
FNDA:0,(anonymous_0)
FNDA:0,(anonymous_1)
FNDA:0,(anonymous_2)
FNDA:0,(anonymous_3)
FNDA:0,(anonymous_4)
FNDA:0,(anonymous_5)
FNDA:0,(anonymous_6)
FNDA:0,(anonymous_7)
FNDA:0,(anonymous_8)
FNDA:0,(anonymous_9)
FNDA:0,(anonymous_10)
FNDA:0,(anonymous_11)
FNDA:0,(anonymous_12)
FNDA:0,(anonymous_13)
FNDA:0,(anonymous_14)
FNDA:0,(anonymous_15)
FNDA:0,(anonymous_16)
FNDA:0,(anonymous_17)
FNDA:0,(anonymous_18)
FNDA:0,(anonymous_19)
FNDA:0,(anonymous_20)
FNDA:0,(anonymous_21)
FNDA:0,(anonymous_22)
FNDA:0,(anonymous_23)
FNDA:0,(anonymous_24)
FNDA:0,(anonymous_25)
DA:6,0
DA:7,0
DA:11,0
DA:18,0
DA:19,0
DA:20,0
DA:21,0
DA:22,0
DA:30,0
DA:42,0
DA:43,0
DA:46,0
DA:56,0
DA:67,0
DA:68,0
DA:69,0
DA:70,0
DA:72,0
DA:79,0
DA:86,0
DA:89,0
DA:90,0
DA:93,0
DA:95,0
DA:96,0
DA:97,0
DA:108,0
DA:110,0
DA:111,0
DA:112,0
DA:115,0
DA:116,0
DA:117,0
DA:120,0
DA:121,0
DA:122,0
DA:123,0
DA:125,0
DA:131,0
DA:134,0
DA:140,0
DA:141,0
DA:142,0
DA:153,0
DA:154,0
DA:155,0
DA:158,0
DA:159,0
DA:161,0
DA:167,0
DA:169,0
DA:170,0
DA:173,0
DA:174,0
DA:177,0
DA:178,0
DA:182,0
DA:184,0
DA:192,0
DA:200,0
DA:202,0
DA:203,0
DA:204,0
DA:206,0
DA:209,0
DA:217,0
DA:219,0
DA:220,0
DA:223,0
DA:231,0
DA:246,0
DA:262,0
DA:264,0
DA:278,0
DA:283,0
DA:285,0
DA:288,0
DA:289,0
DA:298,0
DA:304,0
DA:308,0
DA:311,0
DA:312,0
DA:313,0
DA:317,0
DA:318,0
DA:319,0
DA:323,0
DA:324,0
DA:328,0
DA:329,0
DA:334,0
DA:336,0
DA:337,0
DA:338,0
DA:339,0
DA:340,0
DA:342,0
DA:349,0
DA:350,0
DA:356,0
DA:358,0
DA:360,0
DA:361,0
DA:362,0
DA:369,0
DA:375,0
DA:376,0
DA:377,0
DA:378,0
DA:388,0
DA:394,0
DA:395,0
DA:396,0
DA:404,0
DA:408,0
LF:116
LH:0
BRDA:10,0,0,0
BRDA:12,1,0,0
BRDA:12,1,1,0
BRDA:13,2,0,0
BRDA:13,2,1,0
BRDA:14,3,0,0
BRDA:14,3,1,0
BRDA:15,4,0,0
BRDA:15,4,1,0
BRDA:41,5,0,0
BRDA:42,6,0,0
BRDA:42,6,1,0
BRDA:89,7,0,0
BRDA:89,7,1,0
[...]
DA:113,0
DA:114,0
DA:115,0
DA:117,0
DA:125,0
DA:126,0
DA:130,0
DA:131,0
DA:147,0
DA:154,0
DA:161,0
DA:162,0
DA:164,0
DA:165,0
DA:167,0
DA:168,0
DA:171,0
DA:172,0
DA:175,0
DA:176,0
DA:180,0
DA:183,0
DA:190,0
DA:192,0
DA:193,0
DA:196,0
DA:203,0
DA:220,0
DA:227,0
DA:228,0
DA:230,0
DA:231,0
DA:233,0
DA:234,0
DA:236,0
DA:237,0
DA:239,0
DA:246,0
DA:250,0
DA:257,0
DA:258,0
DA:265,0
DA:266,0
DA:267,0
DA:268,0
DA:270,0
DA:278,0
DA:281,0
DA:288,0
DA:295,0
DA:302,0
DA:309,0
DA:316,0
DA:323,0
DA:324,0
DA:327,0
DA:333,0
DA:337,0
DA:341,0
DA:348,0
DA:353,0
DA:357,0
DA:364,0
DA:365,0
DA:366,0
DA:370,1
LF:111
LH:6
BRDA:30,0,0,0
BRDA:30,0,1,0
BRDA:34,1,0,0
BRDA:34,1,1,0
BRDA:50,2,0,0
BRDA:50,2,1,0
BRDA:67,3,0,0
BRDA:67,3,1,0
BRDA:70,4,0,0
BRDA:70,4,1,0
BRDA:84,5,0,0
BRDA:85,6,0,0
BRDA:85,6,1,0
BRDA:93,7,0,0
BRDA:93,7,1,0
BRDA:93,7,2,0
BRDA:93,7,3,0
BRDA:93,7,4,0
BRDA:114,8,0,0
BRDA:114,8,1,0
BRDA:125,9,0,0
BRDA:125,9,1,0
BRDA:147,10,0,0
BRDA:147,10,1,0
BRDA:154,11,0,0
BRDA:154,11,1,0
BRDA:164,12,0,0
BRDA:164,12,1,0
BRDA:164,13,0,0
BRDA:164,13,1,0
BRDA:167,14,0,0
BRDA:167,14,1,0
BRDA:171,15,0,0
BRDA:171,15,1,0
BRDA:175,16,0,0
BRDA:175,16,1,0
BRDA:192,17,0,0
BRDA:192,17,1,0
BRDA:220,18,0,0
BRDA:220,18,1,0
BRDA:227,19,0,0
BRDA:227,19,1,0
BRDA:230,20,0,0
BRDA:230,20,1,0
BRDA:233,21,0,0
BRDA:233,21,1,0
BRDA:234,22,0,0
BRDA:234,22,1,0
BRDA:236,23,0,0
BRDA:236,23,1,0
BRF:50
BRH:0
end_of_record
TN:
SF:lib/migrations/migration-runner.js
FN:12,(anonymous_0)
FN:27,(anonymous_1)
FN:36,(anonymous_2)
FN:50,(anonymous_3)
FN:78,(anonymous_4)
FN:109,(anonymous_5)
FN:115,(anonymous_6)
FN:117,(anonymous_7)
FN:123,(anonymous_8)
FN:142,(anonymous_9)
FN:173,(anonymous_10)
FN:197,(anonymous_11)
FN:207,(anonymous_12)
FN:236,(anonymous_13)
FN:250,(anonymous_14)
FN:257,(anonymous_15)
FN:298,(anonymous_16)
FN:316,(anonymous_17)
FN:327,(anonymous_18)
FN:338,(anonymous_19)
FNF:20
FNH:0
FNDA:0,(anonymous_0)
FNDA:0,(anonymous_1)
FNDA:0,(anonymous_2)
FNDA:0,(anonymous_3)
FNDA:0,(anonymous_4)
FNDA:0,(anonymous_5)
FNDA:0,(anonymous_6)
FNDA:0,(anonymous_7)
FNDA:0,(anonymous_8)
FNDA:0,(anonymous_9)
FNDA:0,(anonymous_10)
FNDA:0,(anonymous_11)
FNDA:0,(anonymous_12)
FNDA:0,(anonymous_13)
FNDA:0,(anonymous_14)
FNDA:0,(anonymous_15)
FNDA:0,(anonymous_16)
FNDA:0,(anonymous_17)
FNDA:0,(anonymous_18)
FNDA:0,(anonymous_19)
DA:6,1
DA:7,1
DA:8,1
DA:9,1
DA:13,0
DA:20,0
DA:21,0
DA:28,0
DA:29,0
DA:30,0
DA:37,0
DA:44,0
DA:51,0
DA:53,0
DA:54,0
DA:55,0
DA:58,0
DA:61,0
DA:62,0
DA:63,0
DA:64,0
DA:66,0
DA:67,0
DA:72,0
DA:79,0
DA:80,0
DA:82,0
DA:83,0
DA:84,0
DA:85,0
DA:91,0
DA:92,0
DA:93,0
DA:101,0
DA:102,0
DA:110,0
DA:115,0
DA:117,0
DA:124,0
DA:126,0
DA:128,0
DA:129,0
DA:130,0
DA:133,0
DA:135,0
DA:136,0
DA:138,0
DA:139,0
DA:140,0
DA:142,0
DA:144,0
DA:145,0
DA:146,0
DA:147,0
DA:151,0
DA:157,0
DA:158,0
DA:161,0
DA:162,0
DA:166,0
DA:167,0
DA:174,0
DA:176,0
DA:177,0
DA:178,0
DA:179,0
DA:182,0
DA:187,0
DA:188,0
DA:189,0
DA:192,0
DA:194,0
DA:196,0
DA:197,0
DA:199,0
DA:200,0
DA:201,0
DA:204,0
DA:205,0
DA:207,0
DA:209,0
DA:210,0
DA:214,0
DA:220,0
DA:221,0
DA:224,0
DA:225,0
DA:229,0
DA:230,0
DA:237,0
DA:239,0
DA:243,0
DA:245,0
DA:250,0
DA:258,0
DA:259,0
DA:260,0
DA:262,0
DA:288,0
DA:289,0
DA:291,0
DA:292,0
DA:299,0
DA:301,0
DA:303,0
DA:305,0
DA:306,0
DA:307,0
DA:310,0
DA:317,0
DA:320,0
DA:321,0
DA:328,0
DA:331,0
DA:332,0
DA:339,0
DA:340,0
DA:345,1
LF:118
LH:5
BRDA:12,0,0,0
BRDA:14,1,0,0
BRDA:14,1,1,0
BRDA:15,2,0,0
BRDA:15,2,1,0
BRDA:16,3,0,0
BRDA:16,3,1,0
BRDA:16,3,2,0
BRDA:53,4,0,0
BRDA:53,4,1,0
BRDA:62,5,0,0
BRDA:62,5,1,0
BRDA:62,6,0,0
BRDA:62,6,1,0
BRDA:66,7,0,0
BRDA:66,7,1,0
BRDA:83,8,0,0
BRDA:83,8,1,0
BRDA:91,9,0,0
BRDA:91,9,1,0
BRDA:128,10,0,0
BRDA:128,10,1,0
BRDA:144,11,0,0
BRDA:144,11,1,0
BRDA:146,12,0,0
BRDA:146,12,1,0
BRDA:146,13,0,0
BRDA:146,13,1,0
BRDA:173,14,0,0
BRDA:177,15,0,0
BRDA:177,15,1,0
BRDA:187,16,0,0
BRDA:187,16,1,0
BRDA:199,17,0,0
BRDA:199,17,1,0
BRDA:199,18,0,0
BRDA:199,18,1,0
BRDA:209,19,0,0
BRDA:209,19,1,0
BRDA:209,20,0,0
BRDA:209,20,1,0
BRDA:249,21,0,0
BRDA:249,21,1,0
BRDA:320,22,0,0
BRDA:320,22,1,0
BRDA:321,23,0,0
BRDA:321,23,1,0
BRDA:331,24,0,0
BRDA:331,24,1,0
BRDA:332,25,0,0
BRDA:332,25,1,0
BRDA:339,26,0,0
BRDA:339,26,1,0
BRF:53
BRH:0
end_of_record
TN:
SF:lib/services/manager.js
FN:15,(anonymous_0)
FN:33,(anonymous_1)
FN:72,(anonymous_2)
FN:94,(anonymous_3)
FN:114,(anonymous_4)
FN:142,(anonymous_5)
FN:164,(anonymous_6)
FN:177,(anonymous_7)
FN:204,(anonymous_8)
FN:238,(anonymous_9)
FN:245,(anonymous_10)
FN:252,(anonymous_11)
FN:256,(anonymous_12)
FN:269,getServiceManager
FN:279,initializeAutoLlama
FN:288,startDevelopment
FNF:16
FNH:0
FNDA:0,(anonymous_0)
FNDA:0,(anonymous_1)
FNDA:0,(anonymous_2)
FNDA:0,(anonymous_3)
FNDA:0,(anonymous_4)
FNDA:0,(anonymous_5)
FNDA:0,(anonymous_6)
FNDA:0,(anonymous_7)
FNDA:0,(anonymous_8)
FNDA:0,(anonymous_9)
FNDA:0,(anonymous_10)
FNDA:0,(anonymous_11)
FNDA:0,(anonymous_12)
FNDA:0,getServiceManager
FNDA:0,initializeAutoLlama
FNDA:0,startDevelopment
DA:6,0
DA:7,0
DA:8,0
DA:9,0
DA:10,0
DA:11,0
DA:12,0
DA:16,0
DA:24,0
DA:25,0
DA:26,0
DA:27,0
DA:34,0
DA:35,0
DA:38,0
DA:39,0
DA:40,0
DA:42,0
DA:44,0
DA:47,0
DA:48,0
DA:52,0
DA:58,0
DA:60,0
DA:61,0
DA:64,0
DA:65,0
DA:73,0
DA:74,0
DA:76,0
DA:77,0
DA:78,0
DA:80,0
DA:82,0
DA:83,0
DA:84,0
DA:86,0
DA:95,0
DA:96,0
DA:104,0
DA:115,0
DA:120,0
DA:121,0
DA:123,0
DA:124,0
DA:125,0
DA:127,0
DA:128,0
DA:132,0
DA:133,0
DA:135,0
DA:143,0
DA:144,0
DA:147,0
DA:150,0
DA:155,0
DA:156,0
DA:158,0
DA:165,0
DA:166,0
DA:169,0
DA:170,0
DA:178,0
DA:181,0
DA:182,0
DA:186,0
DA:187,0
DA:188,0
DA:189,0
DA:194,0
DA:195,0
DA:198,0
DA:205,0
DA:214,0
DA:215,0
DA:216,0
DA:220,0
DA:221,0
DA:222,0
DA:226,0
DA:227,0
DA:228,0
DA:232,0
DA:239,0
DA:246,0
DA:253,0
DA:255,0
DA:256,0
DA:257,0
DA:259,0
DA:264,0
DA:270,0
DA:271,0
DA:273,0
DA:280,0
DA:281,0
DA:282,0
DA:289,0
DA:296,0
DA:297,0
DA:300,0
LF:101
LH:0
BRDA:15,0,0,0
BRDA:17,1,0,0
BRDA:17,1,1,0
BRDA:20,2,0,0
BRDA:20,2,1,0
BRDA:34,3,0,0
BRDA:34,3,1,0
BRDA:47,4,0,0
BRDA:47,4,1,0
BRDA:80,5,0,0
BRDA:80,5,1,0
BRDA:95,6,0,0
BRDA:95,6,1,0
BRDA:98,7,0,0
BRDA:98,7,1,0
BRDA:106,8,0,0
BRDA:106,8,1,0
BRDA:127,9,0,0
BRDA:127,9,1,0
BRDA:143,10,0,0
BRDA:143,10,1,0
BRDA:165,11,0,0
BRDA:165,11,1,0
BRDA:169,12,0,0
BRDA:169,12,1,0
BRDA:169,13,0,0
BRDA:169,13,1,0
BRDA:181,14,0,0
BRDA:181,14,1,0
BRDA:187,15,0,0
BRDA:187,15,1,0
BRDA:187,16,0,0
BRDA:187,16,1,0
BRDA:194,17,0,0
BRDA:194,17,1,0
BRDA:214,18,0,0
BRDA:214,18,1,0
BRDA:220,19,0,0
BRDA:220,19,1,0
BRDA:227,20,0,0
BRDA:227,20,1,0
BRDA:227,21,0,0
BRDA:227,21,1,0
BRDA:270,22,0,0
BRDA:270,22,1,0
BRDA:279,23,0,0
BRDA:288,24,0,0
BRF:47
BRH:0
end_of_record
TN:
SF:lib/services/orchestrator.js
FN:14,(anonymous_0)
FN:30,(anonymous_1)
FN:59,(anonymous_2)
FN:168,(anonymous_3)
FN:189,(anonymous_4)
FN:232,(anonymous_5)
FN:238,(anonymous_6)
FN:244,(anonymous_7)
FN:249,(anonymous_8)
FN:257,(anonymous_9)
FN:281,(anonymous_10)
FN:284,(anonymous_11)
FN:304,(anonymous_12)
FN:313,(anonymous_13)
FN:347,(anonymous_14)
FN:362,(anonymous_15)
FN:363,(anonymous_16)
FN:369,(anonymous_17)
FN:386,(anonymous_18)
FN:400,(anonymous_19)
FN:417,(anonymous_20)
FN:449,(anonymous_21)
FN:450,(anonymous_22)
FN:460,(anonymous_23)
FN:465,(anonymous_24)
FN:474,(anonymous_25)
FNF:26
FNH:0
FNDA:0,(anonymous_0)
FNDA:0,(anonymous_1)
FNDA:0,(anonymous_2)
FNDA:0,(anonymous_3)
FNDA:0,(anonymous_4)
FNDA:0,(anonymous_5)
FNDA:0,(anonymous_6)
FNDA:0,(anonymous_7)
FNDA:0,(anonymous_8)
FNDA:0,(anonymous_9)
FNDA:0,(anonymous_10)
FNDA:0,(anonymous_11)
FNDA:0,(anonymous_12)
FNDA:0,(anonymous_13)
FNDA:0,(anonymous_14)
FNDA:0,(anonymous_15)
FNDA:0,(anonymous_16)
FNDA:0,(anonymous_17)
FNDA:0,(anonymous_18)
FNDA:0,(anonymous_19)
FNDA:0,(anonymous_20)
FNDA:0,(anonymous_21)
FNDA:0,(anonymous_22)
FNDA:0,(anonymous_23)
FNDA:0,(anonymous_24)
FNDA:0,(anonymous_25)
DA:6,0
DA:7,0
DA:8,0
DA:9,0
DA:10,0
DA:11,0
DA:15,0
DA:21,0
DA:22,0
DA:23,0
DA:24,0
DA:31,0
DA:32,0
DA:34,0
DA:35,0
DA:36,0
DA:37,0
DA:38,0
DA:42,0
DA:43,0
DA:46,0
DA:48,0
DA:50,0
DA:51,0
DA:52,0
DA:60,0
DA:170,0
DA:171,0
DA:172,0
DA:173,0
DA:175,0
DA:182,0
DA:183,0
DA:190,0
DA:192,0
DA:194,0
DA:195,0
DA:196,0
DA:200,0
DA:201,0
DA:206,0
DA:207,0
DA:208,0
DA:212,0
DA:217,0
DA:224,0
DA:232,0
DA:233,0
DA:234,0
DA:238,0
DA:239,0
DA:240,0
DA:244,0
DA:245,0
DA:246,0
DA:249,0
DA:250,0
DA:251,0
DA:252,0
DA:255,0
DA:256,0
DA:257,0
DA:263,0
DA:265,0
DA:266,0
DA:267,0
DA:270,0
DA:273,0
DA:274,0
DA:282,0
DA:284,0
DA:285,0
DA:288,0
DA:290,0
DA:291,0
DA:292,0
DA:293,0
DA:294,0
DA:297,0
DA:298,0
DA:304,0
DA:307,0
DA:314,0
DA:315,0
DA:318,0
DA:319,0
DA:322,0
DA:324,0
DA:325,0
DA:329,0
DA:330,0
DA:331,0
DA:332,0
DA:337,0
DA:341,0
DA:348,0
DA:350,0
DA:351,0
DA:354,0
DA:355,0
DA:358,0
DA:359,0
DA:362,0
DA:363,0
DA:365,0
DA:366,0
DA:369,0
DA:370,0
DA:371,0
DA:375,0
DA:376,0
DA:379,0
DA:387,0
DA:389,0
DA:391,0
DA:392,0
DA:393,0
DA:401,0
DA:403,0
DA:404,0
DA:407,0
DA:418,0
DA:420,0
DA:421,0
DA:422,0
DA:424,0
DA:425,0
DA:428,0
DA:432,0
DA:434,0
DA:435,0
DA:438,0
DA:439,0
DA:442,0
DA:450,0
DA:451,0
DA:452,0
DA:453,0
DA:456,0
DA:457,0
DA:460,0
DA:461,0
DA:462,0
DA:465,0
DA:466,0
DA:467,0
DA:475,0
DA:477,0
DA:478,0
DA:479,0
DA:480,0
DA:481,0
DA:483,0
DA:484,0
DA:487,0
DA:490,0
DA:494,0
DA:498,0
LF:158
LH:0
BRDA:14,0,0,0
BRDA:16,1,0,0
BRDA:16,1,1,0
BRDA:16,1,2,0
BRDA:37,2,0,0
BRDA:37,2,1,0
BRDA:37,3,0,0
BRDA:37,3,1,0
BRDA:183,4,0,0
BRDA:183,4,1,0
BRDA:194,5,0,0
BRDA:194,5,1,0
BRDA:200,6,0,0
BRDA:200,6,1,0
BRDA:218,7,0,0
BRDA:218,7,1,0
BRDA:233,8,0,0
BRDA:233,8,1,0
BRDA:239,9,0,0
BRDA:239,9,1,0
BRDA:250,10,0,0
BRDA:250,10,1,0
BRDA:255,11,0,0
BRDA:255,11,1,0
BRDA:266,12,0,0
BRDA:266,12,1,0
BRDA:270,13,0,0
BRDA:270,13,1,0
BRDA:281,14,0,0
BRDA:282,15,0,0
BRDA:282,15,1,0
BRDA:292,16,0,0
BRDA:292,16,1,0
BRDA:294,17,0,0
BRDA:294,17,1,0
BRDA:314,18,0,0
BRDA:314,18,1,0
BRDA:329,19,0,0
BRDA:329,19,1,0
BRDA:350,20,0,0
BRDA:350,20,1,0
BRDA:350,21,0,0
BRDA:350,21,1,0
BRDA:392,22,0,0
BRDA:392,22,1,0
BRDA:403,23,0,0
BRDA:403,23,1,0
BRDA:424,24,0,0
BRDA:424,24,1,0
BRDA:424,25,0,0
BRDA:424,25,1,0
BRDA:428,26,0,0
BRDA:428,26,1,0
BRDA:429,27,0,0
BRDA:429,27,1,0
BRDA:430,28,0,0
BRDA:430,28,1,0
BRDA:434,29,0,0
BRDA:434,29,1,0
BRDA:438,30,0,0
BRDA:438,30,1,0
BRDA:478,31,0,0
BRDA:478,31,1,0
BRDA:480,32,0,0
BRDA:480,32,1,0
BRDA:490,33,0,0
BRDA:490,33,1,0
BRF:67
BRH:0
end_of_record
TN:
SF:lib/services/qdrant-embedded.js
FN:13,(anonymous_0)
FN:29,(anonymous_1)
FN:40,(anonymous_2)
FN:41,(anonymous_3)
FN:51,(anonymous_4)
FN:56,(anonymous_5)
FN:65,(anonymous_6)
FN:66,(anonymous_7)
FN:75,(anonymous_8)
FN:100,(anonymous_9)
FN:113,(anonymous_10)
FN:132,(anonymous_11)
FN:148,(anonymous_12)
FN:171,(anonymous_13)
FN:182,(anonymous_14)
FN:186,(anonymous_15)
FN:200,(anonymous_16)
FN:202,(anonymous_17)
FN:223,(anonymous_18)
FN:233,(anonymous_19)
FN:240,(anonymous_20)
FN:250,(anonymous_21)
FN:251,(anonymous_22)
FN:269,(anonymous_23)
FN:281,(anonymous_24)
FN:301,(anonymous_25)
FN:329,(anonymous_26)
FN:350,(anonymous_27)
FN:364,(anonymous_28)
FN:366,(anonymous_29)
FN:367,(anonymous_30)
FN:378,(anonymous_31)
FN:384,(anonymous_32)
FN:394,(anonymous_33)
FN:398,(anonymous_34)
FNF:35
FNH:0
FNDA:0,(anonymous_0)
FNDA:0,(anonymous_1)
FNDA:0,(anonymous_2)
FNDA:0,(anonymous_3)
FNDA:0,(anonymous_4)
FNDA:0,(anonymous_5)
FNDA:0,(anonymous_6)
FNDA:0,(anonymous_7)
FNDA:0,(anonymous_8)
FNDA:0,(anonymous_9)
FNDA:0,(anonymous_10)
FNDA:0,(anonymous_11)
FNDA:0,(anonymous_12)
FNDA:0,(anonymous_13)
FNDA:0,(anonymous_14)
FNDA:0,(anonymous_15)
FNDA:0,(anonymous_16)
FNDA:0,(anonymous_17)
FNDA:0,(anonymous_18)
FNDA:0,(anonymous_19)
FNDA:0,(anonymous_20)
FNDA:0,(anonymous_21)
FNDA:0,(anonymous_22)
FNDA:0,(anonymous_23)
FNDA:0,(anonymous_24)
FNDA:0,(anonymous_25)
FNDA:0,(anonymous_26)
FNDA:0,(anonymous_27)
FNDA:0,(anonymous_28)
FNDA:0,(anonymous_29)
FNDA:0,(anonymous_30)
FNDA:0,(anonymous_31)
FNDA:0,(anonymous_32)
FNDA:0,(anonymous_33)
FNDA:0,(anonymous_34)
DA:6,0
DA:7,0
DA:8,0
DA:9,0
DA:10,0
DA:14,0
DA:21,0
DA:22,0
DA:23,0
DA:31,0
DA:34,0
DA:37,0
DA:40,0
DA:41,0
DA:42,0
DA:43,0
DA:52,0
DA:53,0
DA:56,0
DA:57,0
DA:65,0
DA:66,0
DA:71,0
DA:75,0
DA:76,0
DA:77,0
DA:79,0
DA:93,0
DA:94,0
DA:96,0
DA:100,0
DA:101,0
DA:103,0
DA:104,0
DA:105,0
DA:106,0
DA:108,0
DA:113,0
DA:114,0
DA:115,0
DA:117,0
DA:118,0
DA:127,0
DA:132,0
DA:133,0
DA:134,0
DA:135,0
DA:137,0
DA:138,0
DA:141,0
DA:143,0
DA:145,0
DA:148,0
DA:150,0
DA:156,0
DA:157,0
DA:159,0
DA:162,0
DA:165,0
DA:167,0
DA:171,0
DA:172,0
DA:173,0
DA:174,0
DA:176,0
DA:177,0
DA:181,0
DA:182,0
DA:188,0
DA:189,0
DA:190,0
DA:191,0
DA:192,0
DA:193,0
DA:198,0
DA:200,0
DA:203,0
DA:208,0
DA:209,0
DA:212,0
DA:213,0
DA:216,0
DA:219,0
DA:223,0
DA:224,0
DA:225,0
DA:226,0
DA:228,0
DA:229,0
DA:233,0
DA:234,0
DA:236,0
DA:240,0
DA:241,0
DA:242,0
DA:243,0
DA:245,0
DA:246,0
DA:249,0
DA:250,0
DA:252,0
DA:254,0
DA:255,0
DA:258,0
DA:259,0
DA:262,0
DA:265,0
DA:269,0
DA:270,0
DA:271,0
DA:272,0
DA:274,0
DA:275,0
DA:278,0
DA:280,0
DA:281,0
DA:282,0
DA:283,0
DA:284,0
DA:285,0
DA:286,0
DA:290,0
DA:294,0
DA:302,0
DA:303,0
DA:306,0
DA:307,0
DA:308,0
DA:310,0
DA:311,0
DA:312,0
DA:313,0
DA:316,0
DA:317,0
DA:319,0
DA:320,0
DA:323,0
DA:330,0
DA:331,0
DA:333,0
DA:334,0
DA:335,0
DA:336,0
DA:337,0
DA:341,0
DA:351,0
DA:352,0
DA:353,0
DA:365,0
DA:366,0
DA:367,0
DA:368,0
DA:369,0
DA:379,0
DA:384,0
DA:390,0
DA:391,0
DA:392,0
DA:394,0
DA:395,0
DA:398,0
DA:399,0
DA:400,0
DA:404,0
LF:164
LH:0
BRDA:13,0,0,0
BRDA:15,1,0,0
BRDA:15,1,1,0
BRDA:16,2,0,0
BRDA:16,2,1,0
BRDA:17,3,0,0
BRDA:17,3,1,0
BRDA:83,4,0,0
BRDA:83,4,1,0
BRDA:103,5,0,0
BRDA:103,5,1,0
BRDA:117,6,0,0
BRDA:117,6,1,0
BRDA:137,7,0,0
BRDA:137,7,1,0
BRDA:145,8,0,0
BRDA:145,8,1,0
BRDA:153,9,0,0
BRDA:153,9,1,0
BRDA:156,10,0,0
BRDA:156,10,1,0
BRDA:173,11,0,0
BRDA:173,12,0,0
BRDA:173,13,0,0
BRDA:176,14,0,0
BRDA:176,14,1,0
BRDA:188,15,0,0
BRDA:188,15,1,0
BRDA:188,16,0,0
BRDA:188,16,1,0
BRDA:190,17,0,0
BRDA:190,17,1,0
BRDA:190,18,0,0
BRDA:190,18,1,0
BRDA:192,19,0,0
BRDA:192,19,1,0
BRDA:208,20,0,0
BRDA:208,20,1,0
BRDA:212,21,0,0
BRDA:212,21,1,0
BRDA:228,22,0,0
BRDA:228,22,1,0
BRDA:242,23,0,0
BRDA:242,24,0,0
BRDA:245,25,0,0
BRDA:245,25,1,0
BRDA:254,26,0,0
BRDA:254,26,1,0
BRDA:258,27,0,0
BRDA:258,27,1,0
BRDA:274,28,0,0
BRDA:274,28,1,0
BRDA:280,29,0,0
BRDA:280,29,1,0
BRDA:280,30,0,0
BRDA:280,30,1,0
BRDA:283,31,0,0
BRDA:283,31,1,0
BRDA:283,32,0,0
BRDA:283,32,1,0
BRDA:285,33,0,0
BRDA:285,33,1,0
BRDA:302,34,0,0
BRDA:302,34,1,0
BRDA:302,35,0,0
BRDA:302,35,1,0
BRDA:302,35,2,0
BRDA:319,36,0,0
BRDA:319,36,1,0
BRDA:319,37,0,0
BRDA:319,37,1,0
BRDA:334,38,0,0
BRDA:334,38,1,0
BRDA:352,39,0,0
BRDA:352,39,1,0
BRDA:365,40,0,0
BRDA:365,40,1,0
BRDA:390,41,0,0
BRDA:390,41,1,0
BRDA:391,42,0,0
BRDA:391,42,1,0
BRF:81
BRH:0
end_of_record
TN:
SF:lib/startup/auto-setup.js
FN:14,(anonymous_0)
FN:32,(anonymous_1)
FN:58,(anonymous_2)
FN:107,(anonymous_3)
FN:126,(anonymous_4)
FN:178,(anonymous_5)
FN:209,(anonymous_6)
FN:238,(anonymous_7)
FN:308,(anonymous_8)
FN:329,(anonymous_9)
FN:349,(anonymous_10)
FN:354,(anonymous_11)
FN:368,(anonymous_12)
FN:388,autoSetupMiddleware
FN:412,runSetup
FNF:15
FNH:0
FNDA:0,(anonymous_0)
FNDA:0,(anonymous_1)
FNDA:0,(anonymous_2)
FNDA:0,(anonymous_3)
FNDA:0,(anonymous_4)
FNDA:0,(anonymous_5)
FNDA:0,(anonymous_6)
FNDA:0,(anonymous_7)
FNDA:0,(anonymous_8)
FNDA:0,(anonymous_9)
FNDA:0,(anonymous_10)
FNDA:0,(anonymous_11)
FNDA:0,(anonymous_12)
FNDA:0,autoSetupMiddleware
FNDA:0,runSetup
DA:6,1
DA:7,1
DA:8,1
DA:9,1
DA:10,1
DA:11,1
DA:15,0
DA:22,0
DA:33,0
DA:40,0
DA:41,0
DA:42,0
DA:44,0
DA:45,0
DA:46,0
DA:47,0
DA:48,0
DA:49,0
DA:52,0
DA:59,0
DA:61,0
DA:62,0
DA:63,0
DA:65,0
DA:68,0
DA:70,0
DA:71,0
DA:72,0
DA:75,0
DA:77,0
DA:80,0
DA:81,0
DA:85,0
DA:88,0
DA:89,0
DA:93,0
DA:96,0
DA:98,0
DA:99,0
DA:102,0
DA:103,0
DA:108,0
DA:110,0
DA:119,0
DA:120,0
DA:123,0
DA:127,0
DA:129,0
DA:131,0
DA:167,0
DA:170,0
DA:175,0
DA:179,0
DA:181,0
DA:183,0
DA:185,0
DA:186,0
DA:188,0
DA:191,0
DA:193,0
DA:195,0
DA:198,0
DA:200,0
DA:202,0
DA:204,0
DA:210,0
DA:212,0
DA:213,0
DA:219,0
DA:220,0
DA:222,0
DA:224,0
DA:225,0
DA:227,0
DA:230,0
DA:233,0
DA:234,0
DA:240,0
DA:241,0
DA:243,0
DA:244,0
DA:245,0
DA:246,0
DA:252,0
DA:253,0
DA:256,0
DA:258,0
DA:259,0
DA:260,0
DA:263,0
DA:294,0
DA:295,0
DA:298,0
DA:300,0
DA:303,0
DA:309,0
DA:312,0
DA:319,0
DA:325,0
DA:330,0
DA:332,0
DA:333,0
DA:334,0
DA:337,0
DA:338,0
DA:339,0
DA:340,0
DA:341,0
DA:342,0
DA:344,0
DA:350,0
DA:351,0
DA:355,0
DA:356,0
DA:357,0
DA:359,0
DA:360,0
DA:362,0
DA:364,0
DA:369,0
DA:371,0
DA:372,0
DA:377,0
DA:390,0
DA:391,0
DA:393,0
DA:394,0
DA:395,0
DA:397,0
DA:398,0
DA:401,0
DA:402,0
DA:406,0
DA:413,0
DA:414,0
DA:417,1
LF:136
LH:7
BRDA:14,0,0,0
BRDA:16,1,0,0
BRDA:16,1,1,0
BRDA:17,2,0,0
BRDA:17,2,1,0
BRDA:18,3,0,0
BRDA:18,3,1,0
BRDA:40,4,0,0
BRDA:40,4,1,0
BRDA:41,5,0,0
BRDA:41,5,1,0
BRDA:44,6,0,0
BRDA:44,6,1,0
BRDA:46,7,0,0
BRDA:46,7,1,0
BRDA:47,8,0,0
BRDA:47,8,1,0
BRDA:48,9,0,0
BRDA:48,9,1,0
BRDA:49,10,0,0
BRDA:49,10,1,0
BRDA:61,11,0,0
BRDA:61,11,1,0
BRDA:61,12,0,0
BRDA:61,12,1,0
BRDA:62,13,0,0
BRDA:62,13,1,0
BRDA:70,14,0,0
BRDA:70,14,1,0
BRDA:80,15,0,0
BRDA:80,15,1,0
BRDA:88,16,0,0
BRDA:88,16,1,0
BRDA:88,17,0,0
BRDA:88,17,1,0
BRDA:129,18,0,0
BRDA:129,18,1,0
BRDA:142,19,0,0
BRDA:142,19,1,0
BRDA:200,20,0,0
BRDA:200,20,1,0
BRDA:200,21,0,0
BRDA:200,21,1,0
BRDA:214,22,0,0
BRDA:214,22,1,0
BRDA:224,23,0,0
BRDA:224,23,1,0
BRDA:243,24,0,0
BRDA:243,24,1,0
BRDA:252,25,0,0
BRDA:252,25,1,0
BRDA:274,26,0,0
BRDA:274,26,1,0
BRDA:288,27,0,0
BRDA:288,27,1,0
BRDA:315,28,0,0
BRDA:315,28,1,0
BRDA:316,29,0,0
BRDA:316,29,1,0
BRDA:330,30,0,0
BRDA:330,30,1,0
BRDA:332,31,0,0
BRDA:332,31,1,0
BRDA:333,32,0,0
BRDA:333,32,1,0
BRDA:369,33,0,0
BRDA:369,33,1,0
BRDA:371,34,0,0
BRDA:371,34,1,0
BRDA:374,35,0,0
BRDA:374,35,1,0
BRDA:390,36,0,0
BRDA:390,36,1,0
BRDA:397,37,0,0
BRDA:397,37,1,0
BRDA:412,38,0,0
BRF:76
BRH:0
end_of_record
TN:
SF:lib/templates/manager.js
FN:12,(anonymous_0)
FN:21,(anonymous_1)
FN:46,(anonymous_2)
FN:55,(anonymous_3)
FN:73,(anonymous_4)
FN:83,(anonymous_5)
FN:106,(anonymous_6)
FN:115,(anonymous_7)
FN:140,(anonymous_8)
FN:179,(anonymous_9)
FN:186,(anonymous_10)
FN:191,(anonymous_11)
FN:201,(anonymous_12)
FN:241,(anonymous_13)
FN:260,(anonymous_14)
FN:268,(anonymous_15)
FN:277,(anonymous_16)
FNF:17
FNH:8
FNDA:2,(anonymous_0)
FNDA:2,(anonymous_1)
FNDA:0,(anonymous_2)
FNDA:0,(anonymous_3)
FNDA:0,(anonymous_4)
FNDA:0,(anonymous_5)
FNDA:3,(anonymous_6)
FNDA:9801,(anonymous_7)
FNDA:4,(anonymous_8)
FNDA:13,(anonymous_9)
FNDA:0,(anonymous_10)
FNDA:0,(anonymous_11)
FNDA:5,(anonymous_12)
FNDA:3,(anonymous_13)
FNDA:0,(anonymous_14)
FNDA:0,(anonymous_15)
FNDA:0,(anonymous_16)
DA:6,1
DA:7,1
DA:8,1
DA:9,1
DA:13,2
DA:14,2
DA:15,2
DA:22,2
DA:24,2
DA:25,6
DA:26,6
DA:28,6
DA:29,6
DA:30,6
DA:31,6
DA:32,6
DA:33,6
DA:35,0
DA:40,2
DA:47,0
DA:49,0
DA:50,0
DA:53,0
DA:55,0
DA:61,0
DA:68,0
DA:71,0
DA:72,0
DA:73,0
DA:74,0
DA:77,0
DA:84,0
DA:85,0
DA:88,0
DA:89,0
DA:91,0
DA:94,0
DA:96,0
DA:97,0
DA:100,0
DA:107,3
DA:110,3
DA:113,3
DA:114,3
DA:116,9801
DA:117,9801
DA:125,3
DA:128,3
DA:129,3
DA:130,0
DA:131,0
DA:134,3
DA:141,4
DA:142,4
DA:145,4
DA:148,4
DA:149,0
DA:150,0
DA:154,4
DA:155,12
DA:156,12
DA:159,12
DA:166,12
DA:170,4
DA:173,3
DA:180,13
DA:183,13
DA:186,13
DA:187,0
DA:191,13
DA:192,0
DA:195,13
DA:202,5
DA:203,5
DA:206,4
DA:207,4
DA:214,4
DA:215,4
DA:217,4
DA:218,4
DA:219,18
DA:221,15
DA:226,4
DA:227,2
DA:228,6
DA:229,6
DA:235,4
DA:242,3
DA:251,3
DA:261,0
DA:262,0
DA:269,0
DA:271,0
DA:273,0
DA:274,0
DA:275,0
DA:276,0
DA:277,0
DA:278,0
DA:280,0
DA:281,0
DA:283,0
DA:288,1
LF:103
LH:62
BRDA:12,0,0,2
BRDA:28,1,0,6
BRDA:28,1,1,0
BRDA:49,2,0,0
BRDA:49,2,1,0
BRDA:84,3,0,0
BRDA:84,3,1,0
BRDA:84,4,0,0
BRDA:84,4,1,0
BRDA:96,5,0,0
BRDA:96,5,1,0
BRDA:106,6,0,3
BRDA:117,7,0,9801
BRDA:117,7,1,9792
BRDA:117,7,2,7230
BRDA:117,7,3,7194
BRDA:129,8,0,0
BRDA:129,8,1,3
BRDA:141,9,0,4
BRDA:141,9,1,3
BRDA:142,10,0,4
BRDA:142,10,1,3
BRDA:145,11,0,4
BRDA:145,11,1,0
BRDA:148,12,0,0
BRDA:148,12,1,4
BRDA:187,13,0,0
BRDA:187,13,1,0
BRDA:192,14,0,0
BRDA:192,14,1,0
BRDA:206,15,0,4
BRDA:206,15,1,0
BRDA:214,16,0,4
BRDA:214,16,1,0
BRDA:217,17,0,4
BRDA:217,17,1,0
BRDA:219,18,0,15
BRDA:219,18,1,3
BRDA:226,19,0,2
BRDA:226,19,1,2
BRDA:226,20,0,4
BRDA:226,20,1,2
BRDA:228,21,0,6
BRDA:228,21,1,0
BRDA:280,22,0,0
BRDA:280,22,1,0
BRF:46
BRH:24
end_of_record
